<?xml version="1.0" encoding="UTF-8"?>
<testsuites name="KKBSK P17" time="334.355" tests="6" failures="1" errors="0">
   <testsuite name="KKBSK P17" tests="6" failures="1" errors="0" time="334.355" skipped="0" timestamp="2024-02-01 14:15:22" hostname="Daniel - LAPTOP-NARI9JQA" id="Test Suites/KKBSK P17">
      <properties>
         <property name="deviceName" value=""/>
         <property name="devicePlatform" value=""/>
         <property name="logFolder" value="C:\\Users\\Daniel\\Documents\\BCAF\\Github\\KKBSK Prior 17\\kkbsk-priority-17\\Reports\\20240201_141519\\KKBSK P17\\20240201_141519"/>
         <property name="logFiles" value="C:\\Users\\Daniel\\Documents\\BCAF\\Github\\KKBSK Prior 17\\kkbsk-priority-17\\Reports\\20240201_141519\\KKBSK P17\\20240201_141519\\execution0.log"/>
         <property name="attachments" value="C:\Users\Daniel\Documents\BCAF\Github\KKBSK Prior 17\kkbsk-priority-17\Screenshots\1\1. Skenario 2.1 Login Page.png, C:\Users\Daniel\Documents\BCAF\Github\KKBSK Prior 17\kkbsk-priority-17\Screenshots\1\2. Skenario 2.2 Login Page.png, C:\Users\Daniel\Documents\BCAF\Github\KKBSK Prior 17\kkbsk-priority-17\Screenshots\1\Skenario 3.1 Dashboard.png, C:\Users\Daniel\Documents\BCAF\Github\KKBSK Prior 17\kkbsk-priority-17\Screenshots\1\Skenario 3.2 Dashboard - Sidebar.png, C:\Users\Daniel\Documents\BCAF\Github\KKBSK Prior 17\kkbsk-priority-17\Screenshots\1\Skenario 3.3 Master Event(Add).png, C:\Users\Daniel\Documents\BCAF\Github\KKBSK Prior 17\kkbsk-priority-17\Screenshots\1\Skenario 3.4 Master Event(Add) - Popup.png, C:\Users\Daniel\Documents\BCAF\Github\KKBSK Prior 17\kkbsk-priority-17\Screenshots\1\Skenario 3.6 Master Event(Add) - Popup Filled.png, C:\Users\Daniel\Documents\BCAF\Github\KKBSK Prior 17\kkbsk-priority-17\Screenshots\1\Skenario 3.7 Master Event(Add) - Popup Success.png, C:\Users\Daniel\Documents\BCAF\Github\KKBSK Prior 17\kkbsk-priority-17\Screenshots\1\Skenario 4.1 Event - Dealer.png, C:\\Users\\Daniel\\Documents\\BCAF\\Github\\KKBSK Prior 17\\kkbsk-priority-17\\Reports\\20240201_141519\\KKBSK P17\\20240201_141519\\1706771798023.png, C:\Users\Daniel\Documents\BCAF\Github\KKBSK Prior 17\kkbsk-priority-17\Screenshots\1\Skenario 4.2 Event - Dealer - Search.png, C:\\Users\\Daniel\\Documents\\BCAF\\Github\\KKBSK Prior 17\\kkbsk-priority-17\\Reports\\20240201_141519\\KKBSK P17\\20240201_141519\\1706771831905.png, C:\Users\Daniel\Documents\BCAF\Github\KKBSK Prior 17\kkbsk-priority-17\Screenshots\1\Skenario 4.3 Event - Kanwil.png, C:\Users\Daniel\Documents\BCAF\Github\KKBSK Prior 17\kkbsk-priority-17\Screenshots\1\Skenario 4.4 Event - Kanwil - Search.png, C:\Users\Daniel\Documents\BCAF\Github\KKBSK Prior 17\kkbsk-priority-17\Screenshots\1\Skenario 5.1 Dashboard - Sidebar.png, C:\Users\Daniel\Documents\BCAF\Github\KKBSK Prior 17\kkbsk-priority-17\Screenshots\1\Skenario 5.2 Master Event - Search.png, C:\Users\Daniel\Documents\BCAF\Github\KKBSK Prior 17\kkbsk-priority-17\Screenshots\1\Skenario 5.3 Master Event - Search - Valid kode event.png, C:\Users\Daniel\Documents\BCAF\Github\KKBSK Prior 17\kkbsk-priority-17\Screenshots\1\Skenario 5.4 Master Event - Search - Non Valid kode event.png, C:\Users\Daniel\Documents\BCAF\Github\KKBSK Prior 17\kkbsk-priority-17\Screenshots\1\Skenario 5.5 Master Event - Search - Valid nama event.png, C:\Users\Daniel\Documents\BCAF\Github\KKBSK Prior 17\kkbsk-priority-17\Screenshots\1\Skenario 5.6 Master Event - Search - Non Valid nama event.png, C:\Users\Daniel\Documents\BCAF\Github\KKBSK Prior 17\kkbsk-priority-17\Screenshots\1\Skenario 5.7 Master Event - Search - Valid lokasi.png, C:\Users\Daniel\Documents\BCAF\Github\KKBSK Prior 17\kkbsk-priority-17\Screenshots\1\Skenario 5.8 Master Event - Search - Non Valid lokasi.png, C:\Users\Daniel\Documents\BCAF\Github\KKBSK Prior 17\kkbsk-priority-17\Screenshots\1\Skenario 5.9 Master Event - Search - Dari Tanggal.png, C:\Users\Daniel\Documents\BCAF\Github\KKBSK Prior 17\kkbsk-priority-17\Screenshots\1\Skenario 5.10 Master Event - Search - Sampai Tanggal.png, C:\Users\Daniel\Documents\BCAF\Github\KKBSK Prior 17\kkbsk-priority-17\Screenshots\1\Skenario 5.10 Master Event - Search - Status (active).png, C:\Users\Daniel\Documents\BCAF\Github\KKBSK Prior 17\kkbsk-priority-17\Screenshots\1\Skenario 5.10 Master Event - Search - Status (inactive).png, C:\Users\Daniel\Documents\BCAF\Github\KKBSK Prior 17\kkbsk-priority-17\Screenshots\1\Skenario 5.1 Dashboard - Sidebar.png, C:\Users\Daniel\Documents\BCAF\Github\KKBSK Prior 17\kkbsk-priority-17\Screenshots\1\Skenario 5.11 Master Event - Before Sorting.png, C:\Users\Daniel\Documents\BCAF\Github\KKBSK Prior 17\kkbsk-priority-17\Screenshots\1\Skenario 5.12 Master Event - Sorting - Kode Event.png, C:\Users\Daniel\Documents\BCAF\Github\KKBSK Prior 17\kkbsk-priority-17\Screenshots\1\Skenario 5.13 Master Event - Sorting - Nama Event.png, C:\Users\Daniel\Documents\BCAF\Github\KKBSK Prior 17\kkbsk-priority-17\Screenshots\1\Skenario 5.14 Master Event - Sorting - Lokasi.png, C:\Users\Daniel\Documents\BCAF\Github\KKBSK Prior 17\kkbsk-priority-17\Screenshots\1\Skenario 5.15 Master Event - Sorting - Dari Tanggal.png, C:\Users\Daniel\Documents\BCAF\Github\KKBSK Prior 17\kkbsk-priority-17\Screenshots\1\Skenario 5.15 Master Event - Sorting - Sampai Tanggal.png, C:\Users\Daniel\Documents\BCAF\Github\KKBSK Prior 17\kkbsk-priority-17\Screenshots\1\Skenario 5.15 Master Event - Sorting - Status.png, C:\Users\Daniel\Documents\BCAF\Github\KKBSK Prior 17\kkbsk-priority-17\Screenshots\1\Skenario 6.1 Master Event(Edit).png, C:\Users\Daniel\Documents\BCAF\Github\KKBSK Prior 17\kkbsk-priority-17\Screenshots\1\Skenario 6.2 Master Event(Edit) - Popup.png, C:\Users\Daniel\Documents\BCAF\Github\KKBSK Prior 17\kkbsk-priority-17\Screenshots\1\Skenario 6.3 Master Event(Edit) - Popup - Unsuccess.png, C:\Users\Daniel\Documents\BCAF\Github\KKBSK Prior 17\kkbsk-priority-17\Screenshots\1\Skenario 6.4 Master Event(Edit).png, C:\\Users\\Daniel\\Documents\\BCAF\\Github\\KKBSK Prior 17\\kkbsk-priority-17\\Reports\\20240201_141519\\KKBSK P17\\20240201_141519\\1706771976809.png, C:\Users\Daniel\Documents\BCAF\Github\KKBSK Prior 17\kkbsk-priority-17\Screenshots\1\Skenario 4.1 Event - Dealer.png, C:\\Users\\Daniel\\Documents\\BCAF\\Github\\KKBSK Prior 17\\kkbsk-priority-17\\Reports\\20240201_141519\\KKBSK P17\\20240201_141519\\1706772019177.png, C:\Users\Daniel\Documents\BCAF\Github\KKBSK Prior 17\kkbsk-priority-17\Screenshots\1\Skenario 4.2 Event - Dealer - Search.png, C:\\Users\\Daniel\\Documents\\BCAF\\Github\\KKBSK Prior 17\\kkbsk-priority-17\\Reports\\20240201_141519\\KKBSK P17\\20240201_141519\\1706772055167.png, C:\Users\Daniel\Documents\BCAF\Github\KKBSK Prior 17\kkbsk-priority-17\Screenshots\1\Skenario 4.3 Event - Kanwil.png, C:\Users\Daniel\Documents\BCAF\Github\KKBSK Prior 17\kkbsk-priority-17\Screenshots\1\Skenario 4.4 Event - Kanwil - Search.png"/>
         <property name="hostName" value="Daniel - LAPTOP-NARI9JQA"/>
         <property name="os" value="Windows 11 64bit"/>
         <property name="katalonVersion" value="8.6.8.208"/>
         <property name="browser" value="Chrome 121.0.0.0"/>
         <property name="hostAddress" value="10.10.6.21"/>
         <property name="sessionId" value="8f1f1242e5fe95b8206424ea9da7ce8e"/>
         <property name="seleniumVersion" value="3.141.59"/>
         <property name="proxyInformation" value="ProxyInformation { proxyOption=NO_PROXY, proxyServerType=HTTP, username=, password=********, proxyServerAddress=, proxyServerPort=0, executionList=&quot;&quot;, isApplyToDesiredCapabilities=true }"/>
         <property name="platform" value="Windows 11"/>
      </properties>
      <testcase name="Test Cases/1. Login" time="12.034" classname="Test Cases/1. Login" status="PASSED">
         <system-out><![CDATA[2024-02-01 14:15:22 - [TEST_CASE][PASSED] - Test Cases/1. Login: Test Cases/1. Login

2024-02-01 14:15:23 - [TEST_STEP][PASSED] - baseDir = System.getProperty("user.dir"): null

2024-02-01 14:15:23 - [TEST_STEP][PASSED] - openBrowser("http://192.168.29.74/login"): Browser is opened with url: 'http://192.168.29.74/login'

2024-02-01 14:15:23 - [MESSAGE][INFO] - Starting 'Chrome' driver

2024-02-01 14:15:23 - [MESSAGE][INFO] - Action delay is set to 0 milliseconds

2024-02-01 14:15:26 - [MESSAGE][PASSED] - Browser is opened with url: 'http://192.168.29.74/login'

2024-02-01 14:15:26 - [TEST_STEP][PASSED] - takeScreenshot(baseDir + sspathP17 + "\" + matriks + "\" + "1. Skenario 2.1 Login Page" + ".png", STOP_ON_FAILURE): Taking screenshot successfully

2024-02-01 14:15:27 - [MESSAGE][PASSED] - Taking screenshot successfully
[[ATTACHMENT|C:\Users\Daniel\Documents\BCAF\Github\KKBSK Prior 17\kkbsk-priority-17\Screenshots\1\1. Skenario 2.1 Login Page.png]]

2024-02-01 14:15:27 - [TEST_STEP][PASSED] - setText(findTestObject("Object Repository/CMS/Login/input_NIP_username"), username): Text '20160535' is set on object 'Object Repository/CMS/Login/input_NIP_username'

2024-02-01 14:15:29 - [MESSAGE][PASSED] - Text '20160535' is set on object 'Object Repository/CMS/Login/input_NIP_username'

2024-02-01 14:15:29 - [TEST_STEP][PASSED] - setText(findTestObject("Object Repository/CMS/Login/input_Password_password"), password): Text 'Mobile123+' is set on object 'Object Repository/CMS/Login/input_Password_password'

2024-02-01 14:15:31 - [MESSAGE][PASSED] - Text 'Mobile123+' is set on object 'Object Repository/CMS/Login/input_Password_password'

2024-02-01 14:15:31 - [TEST_STEP][PASSED] - takeScreenshot(baseDir + sspathP17 + "\" + matriks + "\" + "2. Skenario 2.2 Login Page" + ".png", STOP_ON_FAILURE): Taking screenshot successfully

2024-02-01 14:15:31 - [MESSAGE][PASSED] - Taking screenshot successfully
[[ATTACHMENT|C:\Users\Daniel\Documents\BCAF\Github\KKBSK Prior 17\kkbsk-priority-17\Screenshots\1\2. Skenario 2.2 Login Page.png]]

2024-02-01 14:15:31 - [TEST_STEP][PASSED] - click(findTestObject("Object Repository/CMS/Login/button_Login"), STOP_ON_FAILURE): Object: 'Object Repository/CMS/Login/button_Login' is clicked on

2024-02-01 14:15:34 - [MESSAGE][PASSED] - Object: 'Object Repository/CMS/Login/button_Login' is clicked on]]></system-out>
         <system-err><![CDATA[]]></system-err>
      </testcase>
      <testcase name="Test Cases/2. Master Event - Add" time="28.745" classname="Test Cases/2. Master Event - Add" status="PASSED">
         <system-out><![CDATA[2024-02-01 14:15:34 - [TEST_CASE][PASSED] - Test Cases/2. Master Event - Add: Test Cases/2. Master Event - Add

2024-02-01 14:15:35 - [TEST_STEP][PASSED] - baseDir = System.getProperty("user.dir"): null

2024-02-01 14:15:35 - [TEST_STEP][PASSED] - takeScreenshot(baseDir + sspathP17 + "\" + matriks + "\" + "Skenario 3.1 Dashboard" + ".png", STOP_ON_FAILURE): Taking screenshot successfully

2024-02-01 14:15:36 - [MESSAGE][PASSED] - Taking screenshot successfully
[[ATTACHMENT|C:\Users\Daniel\Documents\BCAF\Github\KKBSK Prior 17\kkbsk-priority-17\Screenshots\1\Skenario 3.1 Dashboard.png]]

2024-02-01 14:15:36 - [TEST_STEP][PASSED] - click(findTestObject("CMS/Page_Dashboard/sidebar-dashboard")): Object: 'Object Repository/CMS/Page_Dashboard/sidebar-dashboard' is clicked on

2024-02-01 14:15:37 - [MESSAGE][PASSED] - Object: 'Object Repository/CMS/Page_Dashboard/sidebar-dashboard' is clicked on

2024-02-01 14:15:37 - [TEST_STEP][PASSED] - click(findTestObject("CMS/Page_Dashboard/span_Master Data")): Object: 'Object Repository/CMS/Page_Dashboard/span_Master Data' is clicked on

2024-02-01 14:15:37 - [MESSAGE][PASSED] - Object: 'Object Repository/CMS/Page_Dashboard/span_Master Data' is clicked on

2024-02-01 14:15:37 - [TEST_STEP][PASSED] - takeScreenshot(baseDir + sspathP17 + "\" + matriks + "\" + "Skenario 3.2 Dashboard - Sidebar" + ".png", STOP_ON_FAILURE): Taking screenshot successfully

2024-02-01 14:15:38 - [MESSAGE][PASSED] - Taking screenshot successfully
[[ATTACHMENT|C:\Users\Daniel\Documents\BCAF\Github\KKBSK Prior 17\kkbsk-priority-17\Screenshots\1\Skenario 3.2 Dashboard - Sidebar.png]]

2024-02-01 14:15:38 - [TEST_STEP][PASSED] - click(findTestObject("CMS/Page_Dashboard/Master Event")): Object: 'Object Repository/CMS/Page_Dashboard/Master Event' is clicked on

2024-02-01 14:15:39 - [MESSAGE][PASSED] - Object: 'Object Repository/CMS/Page_Dashboard/Master Event' is clicked on

2024-02-01 14:15:39 - [TEST_STEP][PASSED] - takeScreenshot(baseDir + sspathP17 + "\" + matriks + "\" + "Skenario 3.3 Master Event(Add)" + ".png", STOP_ON_FAILURE): Taking screenshot successfully

2024-02-01 14:15:39 - [MESSAGE][PASSED] - Taking screenshot successfully
[[ATTACHMENT|C:\Users\Daniel\Documents\BCAF\Github\KKBSK Prior 17\kkbsk-priority-17\Screenshots\1\Skenario 3.3 Master Event(Add).png]]

2024-02-01 14:15:39 - [TEST_STEP][PASSED] - click(findTestObject("CMS/Page_Master Event/button_Tambah Event")): Object: 'Object Repository/CMS/Page_Master Event/button_Tambah Event' is clicked on

2024-02-01 14:15:40 - [MESSAGE][PASSED] - Object: 'Object Repository/CMS/Page_Master Event/button_Tambah Event' is clicked on

2024-02-01 14:15:40 - [TEST_STEP][PASSED] - takeScreenshot(baseDir + sspathP17 + "\" + matriks + "\" + "Skenario 3.4 Master Event(Add) - Popup" + ".png", STOP_ON_FAILURE): Taking screenshot successfully

2024-02-01 14:15:41 - [MESSAGE][PASSED] - Taking screenshot successfully
[[ATTACHMENT|C:\Users\Daniel\Documents\BCAF\Github\KKBSK Prior 17\kkbsk-priority-17\Screenshots\1\Skenario 3.4 Master Event(Add) - Popup.png]]

2024-02-01 14:15:41 - [TEST_STEP][PASSED] - kode_event = getAttribute(findTestObject("Object Repository/input_Kode Event_code"), "value"): Attribute 'value' of object 'Object Repository/input_Kode Event_code' is: 'EVENT240081'

2024-02-01 14:15:42 - [MESSAGE][PASSED] - Attribute 'value' of object 'Object Repository/input_Kode Event_code' is: 'EVENT240081'

2024-02-01 14:15:42 - [TEST_STEP][PASSED] - out.println("kode event : " + kode_event): null

2024-02-01 14:15:42 - [TEST_STEP][PASSED] - setText(findTestObject("CMS/Page_Master Event/input_Nama Event_name"), nama_event): Text 'Testing tudei6' is set on object 'Object Repository/CMS/Page_Master Event/input_Nama Event_name'

2024-02-01 14:15:43 - [MESSAGE][PASSED] - Text 'Testing tudei6' is set on object 'Object Repository/CMS/Page_Master Event/input_Nama Event_name'

2024-02-01 14:15:43 - [TEST_STEP][PASSED] - setText(findTestObject("CMS/Page_Master Event/input_Lokasi_location"), lokasi): Text 'Jakarta' is set on object 'Object Repository/CMS/Page_Master Event/input_Lokasi_location'

2024-02-01 14:15:46 - [MESSAGE][PASSED] - Text 'Jakarta' is set on object 'Object Repository/CMS/Page_Master Event/input_Lokasi_location'

2024-02-01 14:15:46 - [TEST_STEP][PASSED] - year = fromYear: null

2024-02-01 14:15:46 - [TEST_STEP][PASSED] - month = fromMonth: null

2024-02-01 14:15:46 - [TEST_STEP][PASSED] - day = fromDay: null

2024-02-01 14:15:46 - [TEST_STEP][PASSED] - yearInt = 2040: null

2024-02-01 14:15:46 - [TEST_STEP][PASSED] - date = new java.util.Date(): null

2024-02-01 14:15:46 - [TEST_STEP][PASSED] - localDate = systemDefault()).toLocalDate(): null

2024-02-01 14:15:46 - [TEST_STEP][PASSED] - currentYear = getYear().toString(): null

2024-02-01 14:15:46 - [TEST_STEP][PASSED] - yearDiff = yearInt - localDate.getYear() / 10: null

2024-02-01 14:15:46 - [TEST_STEP][PASSED] - click(findTestObject("CMS/Page_Master Event/input_Dari Tanggal")): Object: 'Object Repository/CMS/Page_Master Event/input_Dari Tanggal' is clicked on

2024-02-01 14:15:47 - [MESSAGE][PASSED] - Object: 'Object Repository/CMS/Page_Master Event/input_Dari Tanggal' is clicked on

2024-02-01 14:15:47 - [TEST_STEP][PASSED] - click(findTestObject("Object Repository/CMS/Page_Master Event/Page_Master Event/year-and-month-switch")): Object: 'Object Repository/CMS/Page_Master Event/Page_Master Event/year-and-month-switch' is clicked on

2024-02-01 14:15:48 - [MESSAGE][PASSED] - Object: 'Object Repository/CMS/Page_Master Event/Page_Master Event/year-and-month-switch' is clicked on

2024-02-01 14:15:48 - [TEST_STEP][PASSED] - click(findTestObject("Object Repository/CMS/Page_Master Event/Page_Master Event/year-switch", ["currentYear":currentYear])): Object: 'Object Repository/CMS/Page_Master Event/Page_Master Event/year-switch' is clicked on

2024-02-01 14:15:48 - [MESSAGE][PASSED] - Object: 'Object Repository/CMS/Page_Master Event/Page_Master Event/year-switch' is clicked on

2024-02-01 14:15:48 - [TEST_STEP][PASSED] - while (true): null

2024-02-01 14:15:48 - [TEST_STEP][PASSED] - yearRange = getText(findTestObject("Object Repository/CMS/Page_Master Event/Page_Master Event/th_2020-2029")): Text of object 'Object Repository/CMS/Page_Master Event/Page_Master Event/th_2020-2029' is: '2020-2029'

2024-02-01 14:15:49 - [MESSAGE][PASSED] - Text of object 'Object Repository/CMS/Page_Master Event/Page_Master Event/th_2020-2029' is: '2020-2029'

2024-02-01 14:15:49 - [TEST_STEP][PASSED] - yearRangeList = yearRange.split("-"): null

2024-02-01 14:15:49 - [TEST_STEP][PASSED] - out.println(yearRangeList): null

2024-02-01 14:15:49 - [TEST_STEP][PASSED] - if (yearRangeList[1] < year): null

2024-02-01 14:15:49 - [TEST_STEP][PASSED] - click(findTestObject("Object Repository/CMS/Page_Master Event/Page_Master Event/month-year", ["index":year])): Object: 'Object Repository/CMS/Page_Master Event/Page_Master Event/month-year' is clicked on

2024-02-01 14:15:50 - [MESSAGE][PASSED] - Object: 'Object Repository/CMS/Page_Master Event/Page_Master Event/month-year' is clicked on

2024-02-01 14:15:50 - [TEST_STEP][PASSED] - click(findTestObject("Object Repository/CMS/Page_Master Event/Page_Master Event/month-year", ["index":month])): Object: 'Object Repository/CMS/Page_Master Event/Page_Master Event/month-year' is clicked on

2024-02-01 14:15:50 - [MESSAGE][PASSED] - Object: 'Object Repository/CMS/Page_Master Event/Page_Master Event/month-year' is clicked on

2024-02-01 14:15:50 - [TEST_STEP][PASSED] - click(findTestObject("Object Repository/CMS/Page_Master Event/Page_Master Event/day", ["index":day])): Object: 'Object Repository/CMS/Page_Master Event/Page_Master Event/day' is clicked on

2024-02-01 14:15:51 - [MESSAGE][PASSED] - Object: 'Object Repository/CMS/Page_Master Event/Page_Master Event/day' is clicked on

2024-02-01 14:15:51 - [TEST_STEP][PASSED] - break: null

2024-02-01 14:15:51 - [TEST_STEP][PASSED] - year = toYear: null

2024-02-01 14:15:51 - [TEST_STEP][PASSED] - month = toMonth: null

2024-02-01 14:15:51 - [TEST_STEP][PASSED] - day = toDay: null

2024-02-01 14:15:51 - [TEST_STEP][PASSED] - yearInt = 2050: null

2024-02-01 14:15:51 - [TEST_STEP][PASSED] - localDate = systemDefault()).toLocalDate(): null

2024-02-01 14:15:51 - [TEST_STEP][PASSED] - currentYear = getYear().toString(): null

2024-02-01 14:15:51 - [TEST_STEP][PASSED] - yearDiff = yearInt - localDate.getYear() / 10: null

2024-02-01 14:15:51 - [TEST_STEP][PASSED] - click(findTestObject("Object Repository/CMS/Page_Master Event/Page_Master Event/year-and-month-switch")): Object: 'Object Repository/CMS/Page_Master Event/Page_Master Event/year-and-month-switch' is clicked on

2024-02-01 14:15:51 - [MESSAGE][PASSED] - Object: 'Object Repository/CMS/Page_Master Event/Page_Master Event/year-and-month-switch' is clicked on

2024-02-01 14:15:51 - [TEST_STEP][PASSED] - click(findTestObject("Object Repository/CMS/Page_Master Event/Page_Master Event/year-switch", ["currentYear":fromYear])): Object: 'Object Repository/CMS/Page_Master Event/Page_Master Event/year-switch' is clicked on

2024-02-01 14:15:52 - [MESSAGE][PASSED] - Object: 'Object Repository/CMS/Page_Master Event/Page_Master Event/year-switch' is clicked on

2024-02-01 14:15:52 - [TEST_STEP][PASSED] - while (true): null

2024-02-01 14:15:52 - [TEST_STEP][PASSED] - yearRange = getText(findTestObject("Object Repository/CMS/Page_Master Event/Page_Master Event/th_2020-2029")): Text of object 'Object Repository/CMS/Page_Master Event/Page_Master Event/th_2020-2029' is: '2020-2029'

2024-02-01 14:15:52 - [MESSAGE][PASSED] - Text of object 'Object Repository/CMS/Page_Master Event/Page_Master Event/th_2020-2029' is: '2020-2029'

2024-02-01 14:15:52 - [TEST_STEP][PASSED] - yearRangeList = yearRange.split("-"): null

2024-02-01 14:15:52 - [TEST_STEP][PASSED] - out.println(yearRangeList): null

2024-02-01 14:15:52 - [TEST_STEP][PASSED] - if (yearRangeList[1] < year): null

2024-02-01 14:15:52 - [TEST_STEP][PASSED] - click(findTestObject("Object Repository/CMS/Page_Master Event/Page_Master Event/month-year", ["index":year])): Object: 'Object Repository/CMS/Page_Master Event/Page_Master Event/month-year' is clicked on

2024-02-01 14:15:53 - [MESSAGE][PASSED] - Object: 'Object Repository/CMS/Page_Master Event/Page_Master Event/month-year' is clicked on

2024-02-01 14:15:53 - [TEST_STEP][PASSED] - click(findTestObject("Object Repository/CMS/Page_Master Event/Page_Master Event/month-year", ["index":month])): Object: 'Object Repository/CMS/Page_Master Event/Page_Master Event/month-year' is clicked on

2024-02-01 14:15:53 - [MESSAGE][PASSED] - Object: 'Object Repository/CMS/Page_Master Event/Page_Master Event/month-year' is clicked on

2024-02-01 14:15:53 - [TEST_STEP][PASSED] - click(findTestObject("Object Repository/CMS/Page_Master Event/Page_Master Event/day", ["index":day])): Object: 'Object Repository/CMS/Page_Master Event/Page_Master Event/day' is clicked on

2024-02-01 14:15:54 - [MESSAGE][PASSED] - Object: 'Object Repository/CMS/Page_Master Event/Page_Master Event/day' is clicked on

2024-02-01 14:15:54 - [TEST_STEP][PASSED] - break: null

2024-02-01 14:15:54 - [TEST_STEP][PASSED] - takeScreenshot(baseDir + sspathP17 + "\" + matriks + "\" + "Skenario 3.6 Master Event(Add) - Popup Filled" + ".png", STOP_ON_FAILURE): Taking screenshot successfully

2024-02-01 14:15:54 - [MESSAGE][PASSED] - Taking screenshot successfully
[[ATTACHMENT|C:\Users\Daniel\Documents\BCAF\Github\KKBSK Prior 17\kkbsk-priority-17\Screenshots\1\Skenario 3.6 Master Event(Add) - Popup Filled.png]]

2024-02-01 14:15:54 - [TEST_STEP][PASSED] - click(findTestObject("Object Repository/CMS/Page_Master Event/button_SUBMIT")): Object: 'Object Repository/CMS/Page_Master Event/button_SUBMIT' is clicked on

2024-02-01 14:15:55 - [MESSAGE][PASSED] - Object: 'Object Repository/CMS/Page_Master Event/button_SUBMIT' is clicked on

2024-02-01 14:15:55 - [TEST_STEP][PASSED] - waitForElementPresent(findTestObject("Object Repository/CMS/Page_Master Event/Page_Master Event/button_ok"), 0): Object 'Object Repository/CMS/Page_Master Event/Page_Master Event/button_ok' is present

2024-02-01 14:15:55 - [MESSAGE][WARNING] - Timeout '0' is invalid. Using default page load timeout: '30'

2024-02-01 14:15:57 - [MESSAGE][PASSED] - Object 'Object Repository/CMS/Page_Master Event/Page_Master Event/button_ok' is present

2024-02-01 14:15:57 - [TEST_STEP][PASSED] - takeScreenshot(baseDir + sspathP17 + "\" + matriks + "\" + "Skenario 3.7 Master Event(Add) - Popup Success" + ".png", STOP_ON_FAILURE): Taking screenshot successfully

2024-02-01 14:15:57 - [MESSAGE][PASSED] - Taking screenshot successfully
[[ATTACHMENT|C:\Users\Daniel\Documents\BCAF\Github\KKBSK Prior 17\kkbsk-priority-17\Screenshots\1\Skenario 3.7 Master Event(Add) - Popup Success.png]]

2024-02-01 14:15:57 - [TEST_STEP][PASSED] - click(findTestObject("Object Repository/CMS/Page_Master Event/Page_Master Event/button_ok")): Object: 'Object Repository/CMS/Page_Master Event/Page_Master Event/button_ok' is clicked on

2024-02-01 14:15:58 - [MESSAGE][PASSED] - Object: 'Object Repository/CMS/Page_Master Event/Page_Master Event/button_ok' is clicked on

2024-02-01 14:15:58 - [TEST_STEP][PASSED] - delay(5): Delayed 5 second(s)

2024-02-01 14:16:03 - [MESSAGE][PASSED] - Delayed 5 second(s)]]></system-out>
         <system-err><![CDATA[]]></system-err>
      </testcase>
      <testcase name="Test Cases/Cek Event" time="69.709" classname="Test Cases/Cek Event" status="PASSED">
         <system-out><![CDATA[2024-02-01 14:16:03 - [TEST_CASE][PASSED] - Test Cases/Cek Event: Test Cases/Cek Event

2024-02-01 14:16:04 - [TEST_STEP][PASSED] - baseDir = System.getProperty("user.dir"): null

2024-02-01 14:16:04 - [TEST_STEP][PASSED] - click(findTestObject("CMS/Page_Dashboard/sidebar-dashboard")): Object: 'Object Repository/CMS/Page_Dashboard/sidebar-dashboard' is clicked on

2024-02-01 14:16:04 - [MESSAGE][PASSED] - Object: 'Object Repository/CMS/Page_Dashboard/sidebar-dashboard' is clicked on

2024-02-01 14:16:04 - [TEST_STEP][PASSED] - click(findTestObject("CMS/Page_Dashboard/click-Event - Dealer")): Object: 'Object Repository/CMS/Page_Dashboard/click-Event - Dealer' is clicked on

2024-02-01 14:16:05 - [MESSAGE][PASSED] - Object: 'Object Repository/CMS/Page_Dashboard/click-Event - Dealer' is clicked on

2024-02-01 14:16:05 - [TEST_STEP][PASSED] - takeScreenshot(baseDir + sspathP17 + "\" + matriks + "\" + "Skenario 4.1 Event - Dealer" + ".png", STOP_ON_FAILURE): Taking screenshot successfully

2024-02-01 14:16:06 - [MESSAGE][PASSED] - Taking screenshot successfully
[[ATTACHMENT|C:\Users\Daniel\Documents\BCAF\Github\KKBSK Prior 17\kkbsk-priority-17\Screenshots\1\Skenario 4.1 Event - Dealer.png]]

2024-02-01 14:16:06 - [TEST_STEP][PASSED] - setText(findTestObject("CMS/Page_Dashboard/search bar"), nama_event): Text 'Testing tudei6' is set on object 'Object Repository/CMS/Page_Dashboard/search bar'

2024-02-01 14:16:06 - [MESSAGE][PASSED] - Text 'Testing tudei6' is set on object 'Object Repository/CMS/Page_Dashboard/search bar'

2024-02-01 14:16:06 - [TEST_STEP][PASSED] - verifyElementPresent(findTestObject("Object Repository/CMS/event_kanwil/edit_button"), 0, OPTIONAL): com.kms.katalon.core.webui.exception.WebElementNotFoundException: Web element with id: 'Object Repository/CMS/event_kanwil/edit_button' located by '//a[@title = 'Edit Data']' not found (Root cause: com.kms.katalon.core.exception.StepFailedException: com.kms.katalon.core.webui.exception.WebElementNotFoundException: Web element with id: 'Object Repository/CMS/event_kanwil/edit_button' located by '//a[@title = 'Edit Data']' not found
	at com.kms.katalon.core.webui.keyword.internal.WebUIKeywordMain.stepFailed(WebUIKeywordMain.groovy:64)
	at com.kms.katalon.core.webui.keyword.builtin.VerifyElementPresentKeyword$_verifyElementPresent_closure1.doCall(VerifyElementPresentKeyword.groovy:85)
	at com.kms.katalon.core.webui.keyword.builtin.VerifyElementPresentKeyword$_verifyElementPresent_closure1.call(VerifyElementPresentKeyword.groovy)
	at com.kms.katalon.core.webui.keyword.internal.WebUIKeywordMain.runKeyword(WebUIKeywordMain.groovy:20)
	at com.kms.katalon.core.webui.keyword.builtin.VerifyElementPresentKeyword.verifyElementPresent(VerifyElementPresentKeyword.groovy:92)
	at com.kms.katalon.core.webui.keyword.builtin.VerifyElementPresentKeyword.execute(VerifyElementPresentKeyword.groovy:68)
	at com.kms.katalon.core.keyword.internal.KeywordExecutor.executeKeywordForPlatform(KeywordExecutor.groovy:74)
	at com.kms.katalon.core.webui.keyword.WebUiBuiltInKeywords.verifyElementPresent(WebUiBuiltInKeywords.groovy:1448)
	at com.kms.katalon.core.webui.keyword.WebUiBuiltInKeywords$verifyElementPresent$7.call(Unknown Source)
	at Cek Event.run(Cek Event:33)
	at com.kms.katalon.core.main.ScriptEngine.run(ScriptEngine.java:194)
	at com.kms.katalon.core.main.ScriptEngine.runScriptAsRawText(ScriptEngine.java:119)
	at com.kms.katalon.core.main.TestCaseExecutor.runScript(TestCaseExecutor.java:448)
	at com.kms.katalon.core.main.TestCaseExecutor.doExecute(TestCaseExecutor.java:439)
	at com.kms.katalon.core.main.TestCaseExecutor.processExecutionPhase(TestCaseExecutor.java:418)
	at com.kms.katalon.core.main.TestCaseExecutor.accessMainPhase(TestCaseExecutor.java:410)
	at com.kms.katalon.core.main.TestCaseExecutor.execute(TestCaseExecutor.java:285)
	at com.kms.katalon.core.common.CommonExecutor.accessTestCaseMainPhase(CommonExecutor.java:65)
	at com.kms.katalon.core.main.TestSuiteExecutor.accessTestSuiteMainPhase(TestSuiteExecutor.java:148)
	at com.kms.katalon.core.main.TestSuiteExecutor.execute(TestSuiteExecutor.java:106)
	at com.kms.katalon.core.main.TestCaseMain.startTestSuite(TestCaseMain.java:187)
	at com.kms.katalon.core.main.TestCaseMain$startTestSuite$0.call(Unknown Source)
	at TempTestSuite1706771719324.run(TempTestSuite1706771719324.groovy:36)
)

2024-02-01 14:16:06 - [MESSAGE][WARNING] - Timeout '0' is invalid. Using default page load timeout: '30'

2024-02-01 14:16:38 - [MESSAGE][INFO] - Unable to find the element located by 'By.xpath: //a[@title = 'Edit Data']'. Please recheck the objects properties to make sure the desired element is located. 

2024-02-01 14:16:38 - [MESSAGE][WARNING] - com.kms.katalon.core.webui.exception.WebElementNotFoundException: Web element with id: 'Object Repository/CMS/event_kanwil/edit_button' located by '//a[@title = 'Edit Data']' not found (Root cause: com.kms.katalon.core.exception.StepFailedException: com.kms.katalon.core.webui.exception.WebElementNotFoundException: Web element with id: 'Object Repository/CMS/event_kanwil/edit_button' located by '//a[@title = 'Edit Data']' not found
	at com.kms.katalon.core.webui.keyword.internal.WebUIKeywordMain.stepFailed(WebUIKeywordMain.groovy:64)
	at com.kms.katalon.core.webui.keyword.builtin.VerifyElementPresentKeyword$_verifyElementPresent_closure1.doCall(VerifyElementPresentKeyword.groovy:85)
	at com.kms.katalon.core.webui.keyword.builtin.VerifyElementPresentKeyword$_verifyElementPresent_closure1.call(VerifyElementPresentKeyword.groovy)
	at com.kms.katalon.core.webui.keyword.internal.WebUIKeywordMain.runKeyword(WebUIKeywordMain.groovy:20)
	at com.kms.katalon.core.webui.keyword.builtin.VerifyElementPresentKeyword.verifyElementPresent(VerifyElementPresentKeyword.groovy:92)
	at com.kms.katalon.core.webui.keyword.builtin.VerifyElementPresentKeyword.execute(VerifyElementPresentKeyword.groovy:68)
	at com.kms.katalon.core.keyword.internal.KeywordExecutor.executeKeywordForPlatform(KeywordExecutor.groovy:74)
	at com.kms.katalon.core.webui.keyword.WebUiBuiltInKeywords.verifyElementPresent(WebUiBuiltInKeywords.groovy:1448)
	at com.kms.katalon.core.webui.keyword.WebUiBuiltInKeywords$verifyElementPresent$7.call(Unknown Source)
	at Cek Event.run(Cek Event:33)
	at com.kms.katalon.core.main.ScriptEngine.run(ScriptEngine.java:194)
	at com.kms.katalon.core.main.ScriptEngine.runScriptAsRawText(ScriptEngine.java:119)
	at com.kms.katalon.core.main.TestCaseExecutor.runScript(TestCaseExecutor.java:448)
	at com.kms.katalon.core.main.TestCaseExecutor.doExecute(TestCaseExecutor.java:439)
	at com.kms.katalon.core.main.TestCaseExecutor.processExecutionPhase(TestCaseExecutor.java:418)
	at com.kms.katalon.core.main.TestCaseExecutor.accessMainPhase(TestCaseExecutor.java:410)
	at com.kms.katalon.core.main.TestCaseExecutor.execute(TestCaseExecutor.java:285)
	at com.kms.katalon.core.common.CommonExecutor.accessTestCaseMainPhase(CommonExecutor.java:65)
	at com.kms.katalon.core.main.TestSuiteExecutor.accessTestSuiteMainPhase(TestSuiteExecutor.java:148)
	at com.kms.katalon.core.main.TestSuiteExecutor.execute(TestSuiteExecutor.java:106)
	at com.kms.katalon.core.main.TestCaseMain.startTestSuite(TestCaseMain.java:187)
	at com.kms.katalon.core.main.TestCaseMain$startTestSuite$0.call(Unknown Source)
	at TempTestSuite1706771719324.run(TempTestSuite1706771719324.groovy:36)
)
[[ATTACHMENT|C:\\Users\\Daniel\\Documents\\BCAF\\Github\\KKBSK Prior 17\\kkbsk-priority-17\\Reports\\20240201_141519\\KKBSK P17\\20240201_141519\\1706771798023.png]]

2024-02-01 14:16:38 - [TEST_STEP][PASSED] - takeScreenshot(baseDir + sspathP17 + "\" + matriks + "\" + "Skenario 4.2 Event - Dealer - Search" + ".png", STOP_ON_FAILURE): Taking screenshot successfully

2024-02-01 14:16:38 - [MESSAGE][PASSED] - Taking screenshot successfully
[[ATTACHMENT|C:\Users\Daniel\Documents\BCAF\Github\KKBSK Prior 17\kkbsk-priority-17\Screenshots\1\Skenario 4.2 Event - Dealer - Search.png]]

2024-02-01 14:16:38 - [TEST_STEP][PASSED] - click(findTestObject("CMS/Page_Dashboard/sidebar-dashboard")): Object: 'Object Repository/CMS/Page_Dashboard/sidebar-dashboard' is clicked on

2024-02-01 14:16:38 - [MESSAGE][PASSED] - Object: 'Object Repository/CMS/Page_Dashboard/sidebar-dashboard' is clicked on

2024-02-01 14:16:38 - [TEST_STEP][PASSED] - click(findTestObject("Object Repository/CMS/Page_Dashboard/click-Event - Kanwil - KCU")): Object: 'Object Repository/CMS/Page_Dashboard/click-Event - Kanwil - KCU' is clicked on

2024-02-01 14:16:40 - [MESSAGE][PASSED] - Object: 'Object Repository/CMS/Page_Dashboard/click-Event - Kanwil - KCU' is clicked on

2024-02-01 14:16:40 - [TEST_STEP][PASSED] - setText(findTestObject("CMS/Page_Dashboard/search bar"), nama_event): Text 'Testing tudei6' is set on object 'Object Repository/CMS/Page_Dashboard/search bar'

2024-02-01 14:16:40 - [MESSAGE][PASSED] - Text 'Testing tudei6' is set on object 'Object Repository/CMS/Page_Dashboard/search bar'

2024-02-01 14:16:40 - [TEST_STEP][PASSED] - verifyElementPresent(findTestObject("Object Repository/CMS/event_kanwil/edit_button"), 0, OPTIONAL): com.kms.katalon.core.webui.exception.WebElementNotFoundException: Web element with id: 'Object Repository/CMS/event_kanwil/edit_button' located by '//a[@title = 'Edit Data']' not found (Root cause: com.kms.katalon.core.exception.StepFailedException: com.kms.katalon.core.webui.exception.WebElementNotFoundException: Web element with id: 'Object Repository/CMS/event_kanwil/edit_button' located by '//a[@title = 'Edit Data']' not found
	at com.kms.katalon.core.webui.keyword.internal.WebUIKeywordMain.stepFailed(WebUIKeywordMain.groovy:64)
	at com.kms.katalon.core.webui.keyword.builtin.VerifyElementPresentKeyword$_verifyElementPresent_closure1.doCall(VerifyElementPresentKeyword.groovy:85)
	at com.kms.katalon.core.webui.keyword.builtin.VerifyElementPresentKeyword$_verifyElementPresent_closure1.call(VerifyElementPresentKeyword.groovy)
	at com.kms.katalon.core.webui.keyword.internal.WebUIKeywordMain.runKeyword(WebUIKeywordMain.groovy:20)
	at com.kms.katalon.core.webui.keyword.builtin.VerifyElementPresentKeyword.verifyElementPresent(VerifyElementPresentKeyword.groovy:92)
	at com.kms.katalon.core.webui.keyword.builtin.VerifyElementPresentKeyword.execute(VerifyElementPresentKeyword.groovy:68)
	at com.kms.katalon.core.keyword.internal.KeywordExecutor.executeKeywordForPlatform(KeywordExecutor.groovy:74)
	at com.kms.katalon.core.webui.keyword.WebUiBuiltInKeywords.verifyElementPresent(WebUiBuiltInKeywords.groovy:1448)
	at com.kms.katalon.core.webui.keyword.WebUiBuiltInKeywords$verifyElementPresent$7.call(Unknown Source)
	at Cek Event.run(Cek Event:47)
	at com.kms.katalon.core.main.ScriptEngine.run(ScriptEngine.java:194)
	at com.kms.katalon.core.main.ScriptEngine.runScriptAsRawText(ScriptEngine.java:119)
	at com.kms.katalon.core.main.TestCaseExecutor.runScript(TestCaseExecutor.java:448)
	at com.kms.katalon.core.main.TestCaseExecutor.doExecute(TestCaseExecutor.java:439)
	at com.kms.katalon.core.main.TestCaseExecutor.processExecutionPhase(TestCaseExecutor.java:418)
	at com.kms.katalon.core.main.TestCaseExecutor.accessMainPhase(TestCaseExecutor.java:410)
	at com.kms.katalon.core.main.TestCaseExecutor.execute(TestCaseExecutor.java:285)
	at com.kms.katalon.core.common.CommonExecutor.accessTestCaseMainPhase(CommonExecutor.java:65)
	at com.kms.katalon.core.main.TestSuiteExecutor.accessTestSuiteMainPhase(TestSuiteExecutor.java:148)
	at com.kms.katalon.core.main.TestSuiteExecutor.execute(TestSuiteExecutor.java:106)
	at com.kms.katalon.core.main.TestCaseMain.startTestSuite(TestCaseMain.java:187)
	at com.kms.katalon.core.main.TestCaseMain$startTestSuite$0.call(Unknown Source)
	at TempTestSuite1706771719324.run(TempTestSuite1706771719324.groovy:36)
)

2024-02-01 14:16:40 - [MESSAGE][WARNING] - Timeout '0' is invalid. Using default page load timeout: '30'

2024-02-01 14:17:11 - [MESSAGE][INFO] - Unable to find the element located by 'By.xpath: //a[@title = 'Edit Data']'. Please recheck the objects properties to make sure the desired element is located. 

2024-02-01 14:17:12 - [MESSAGE][WARNING] - com.kms.katalon.core.webui.exception.WebElementNotFoundException: Web element with id: 'Object Repository/CMS/event_kanwil/edit_button' located by '//a[@title = 'Edit Data']' not found (Root cause: com.kms.katalon.core.exception.StepFailedException: com.kms.katalon.core.webui.exception.WebElementNotFoundException: Web element with id: 'Object Repository/CMS/event_kanwil/edit_button' located by '//a[@title = 'Edit Data']' not found
	at com.kms.katalon.core.webui.keyword.internal.WebUIKeywordMain.stepFailed(WebUIKeywordMain.groovy:64)
	at com.kms.katalon.core.webui.keyword.builtin.VerifyElementPresentKeyword$_verifyElementPresent_closure1.doCall(VerifyElementPresentKeyword.groovy:85)
	at com.kms.katalon.core.webui.keyword.builtin.VerifyElementPresentKeyword$_verifyElementPresent_closure1.call(VerifyElementPresentKeyword.groovy)
	at com.kms.katalon.core.webui.keyword.internal.WebUIKeywordMain.runKeyword(WebUIKeywordMain.groovy:20)
	at com.kms.katalon.core.webui.keyword.builtin.VerifyElementPresentKeyword.verifyElementPresent(VerifyElementPresentKeyword.groovy:92)
	at com.kms.katalon.core.webui.keyword.builtin.VerifyElementPresentKeyword.execute(VerifyElementPresentKeyword.groovy:68)
	at com.kms.katalon.core.keyword.internal.KeywordExecutor.executeKeywordForPlatform(KeywordExecutor.groovy:74)
	at com.kms.katalon.core.webui.keyword.WebUiBuiltInKeywords.verifyElementPresent(WebUiBuiltInKeywords.groovy:1448)
	at com.kms.katalon.core.webui.keyword.WebUiBuiltInKeywords$verifyElementPresent$7.call(Unknown Source)
	at Cek Event.run(Cek Event:47)
	at com.kms.katalon.core.main.ScriptEngine.run(ScriptEngine.java:194)
	at com.kms.katalon.core.main.ScriptEngine.runScriptAsRawText(ScriptEngine.java:119)
	at com.kms.katalon.core.main.TestCaseExecutor.runScript(TestCaseExecutor.java:448)
	at com.kms.katalon.core.main.TestCaseExecutor.doExecute(TestCaseExecutor.java:439)
	at com.kms.katalon.core.main.TestCaseExecutor.processExecutionPhase(TestCaseExecutor.java:418)
	at com.kms.katalon.core.main.TestCaseExecutor.accessMainPhase(TestCaseExecutor.java:410)
	at com.kms.katalon.core.main.TestCaseExecutor.execute(TestCaseExecutor.java:285)
	at com.kms.katalon.core.common.CommonExecutor.accessTestCaseMainPhase(CommonExecutor.java:65)
	at com.kms.katalon.core.main.TestSuiteExecutor.accessTestSuiteMainPhase(TestSuiteExecutor.java:148)
	at com.kms.katalon.core.main.TestSuiteExecutor.execute(TestSuiteExecutor.java:106)
	at com.kms.katalon.core.main.TestCaseMain.startTestSuite(TestCaseMain.java:187)
	at com.kms.katalon.core.main.TestCaseMain$startTestSuite$0.call(Unknown Source)
	at TempTestSuite1706771719324.run(TempTestSuite1706771719324.groovy:36)
)
[[ATTACHMENT|C:\\Users\\Daniel\\Documents\\BCAF\\Github\\KKBSK Prior 17\\kkbsk-priority-17\\Reports\\20240201_141519\\KKBSK P17\\20240201_141519\\1706771831905.png]]

2024-02-01 14:17:12 - [TEST_STEP][PASSED] - takeScreenshot(baseDir + sspathP17 + "\" + matriks + "\" + "Skenario 4.3 Event - Kanwil" + ".png", STOP_ON_FAILURE): Taking screenshot successfully

2024-02-01 14:17:12 - [MESSAGE][PASSED] - Taking screenshot successfully
[[ATTACHMENT|C:\Users\Daniel\Documents\BCAF\Github\KKBSK Prior 17\kkbsk-priority-17\Screenshots\1\Skenario 4.3 Event - Kanwil.png]]

2024-02-01 14:17:12 - [TEST_STEP][PASSED] - setText(findTestObject("CMS/Page_Dashboard/search bar"), nama_event): Text 'Testing tudei6' is set on object 'Object Repository/CMS/Page_Dashboard/search bar'

2024-02-01 14:17:12 - [MESSAGE][PASSED] - Text 'Testing tudei6' is set on object 'Object Repository/CMS/Page_Dashboard/search bar'

2024-02-01 14:17:12 - [TEST_STEP][PASSED] - takeScreenshot(baseDir + sspathP17 + "\" + matriks + "\" + "Skenario 4.4 Event - Kanwil - Search" + ".png", STOP_ON_FAILURE): Taking screenshot successfully

2024-02-01 14:17:13 - [MESSAGE][PASSED] - Taking screenshot successfully
[[ATTACHMENT|C:\Users\Daniel\Documents\BCAF\Github\KKBSK Prior 17\kkbsk-priority-17\Screenshots\1\Skenario 4.4 Event - Kanwil - Search.png]]]]></system-out>
         <system-err><![CDATA[]]></system-err>
      </testcase>
      <testcase name="Test Cases/3. Search and Sorting - Master Event" time="105.748" classname="Test Cases/3. Search and Sorting - Master Event" status="PASSED">
         <system-out><![CDATA[2024-02-01 14:17:13 - [TEST_CASE][PASSED] - Test Cases/3. Search and Sorting - Master Event: Test Cases/3. Search and Sorting - Master Event

2024-02-01 14:17:13 - [TEST_STEP][PASSED] - baseDir = System.getProperty("user.dir"): null

2024-02-01 14:17:13 - [TEST_STEP][PASSED] - click(findTestObject("CMS/Page_Dashboard/sidebar-dashboard")): Object: 'Object Repository/CMS/Page_Dashboard/sidebar-dashboard' is clicked on

2024-02-01 14:17:14 - [MESSAGE][PASSED] - Object: 'Object Repository/CMS/Page_Dashboard/sidebar-dashboard' is clicked on

2024-02-01 14:17:14 - [TEST_STEP][PASSED] - takeScreenshot(baseDir + sspathP17 + "\" + matriks + "\" + "Skenario 5.1 Dashboard - Sidebar" + ".png", STOP_ON_FAILURE): Taking screenshot successfully

2024-02-01 14:17:14 - [MESSAGE][PASSED] - Taking screenshot successfully
[[ATTACHMENT|C:\Users\Daniel\Documents\BCAF\Github\KKBSK Prior 17\kkbsk-priority-17\Screenshots\1\Skenario 5.1 Dashboard - Sidebar.png]]

2024-02-01 14:17:14 - [TEST_STEP][PASSED] - click(findTestObject("CMS/Page_Dashboard/Master Event")): Object: 'Object Repository/CMS/Page_Dashboard/Master Event' is clicked on

2024-02-01 14:17:15 - [MESSAGE][PASSED] - Object: 'Object Repository/CMS/Page_Dashboard/Master Event' is clicked on

2024-02-01 14:17:15 - [TEST_STEP][PASSED] - takeScreenshot(baseDir + sspathP17 + "\" + matriks + "\" + "Skenario 5.2 Master Event - Search" + ".png", STOP_ON_FAILURE): Taking screenshot successfully

2024-02-01 14:17:16 - [MESSAGE][PASSED] - Taking screenshot successfully
[[ATTACHMENT|C:\Users\Daniel\Documents\BCAF\Github\KKBSK Prior 17\kkbsk-priority-17\Screenshots\1\Skenario 5.2 Master Event - Search.png]]

2024-02-01 14:17:16 - [TEST_STEP][PASSED] - setText(findTestObject("CMS/Page_Dashboard/search bar"), kode_event): Text 'EVENT240081' is set on object 'Object Repository/CMS/Page_Dashboard/search bar'

2024-02-01 14:17:16 - [MESSAGE][PASSED] - Text 'EVENT240081' is set on object 'Object Repository/CMS/Page_Dashboard/search bar'

2024-02-01 14:17:16 - [TEST_STEP][PASSED] - delay(5): Delayed 5 second(s)

2024-02-01 14:17:21 - [MESSAGE][PASSED] - Delayed 5 second(s)

2024-02-01 14:17:21 - [TEST_STEP][PASSED] - takeScreenshot(baseDir + sspathP17 + "\" + matriks + "\" + "Skenario 5.3 Master Event - Search - Valid kode event" + ".png", STOP_ON_FAILURE): Taking screenshot successfully

2024-02-01 14:17:22 - [MESSAGE][PASSED] - Taking screenshot successfully
[[ATTACHMENT|C:\Users\Daniel\Documents\BCAF\Github\KKBSK Prior 17\kkbsk-priority-17\Screenshots\1\Skenario 5.3 Master Event - Search - Valid kode event.png]]

2024-02-01 14:17:22 - [TEST_STEP][PASSED] - setText(findTestObject("CMS/Page_Dashboard/search bar"), non_valid_kodeEvent): Text 'AAAAA' is set on object 'Object Repository/CMS/Page_Dashboard/search bar'

2024-02-01 14:17:22 - [MESSAGE][PASSED] - Text 'AAAAA' is set on object 'Object Repository/CMS/Page_Dashboard/search bar'

2024-02-01 14:17:22 - [TEST_STEP][PASSED] - delay(5): Delayed 5 second(s)

2024-02-01 14:17:27 - [MESSAGE][PASSED] - Delayed 5 second(s)

2024-02-01 14:17:27 - [TEST_STEP][PASSED] - takeScreenshot(baseDir + sspathP17 + "\" + matriks + "\" + "Skenario 5.4 Master Event - Search - Non Valid kode event" + ".png", STOP_ON_FAILURE): Taking screenshot successfully

2024-02-01 14:17:28 - [MESSAGE][PASSED] - Taking screenshot successfully
[[ATTACHMENT|C:\Users\Daniel\Documents\BCAF\Github\KKBSK Prior 17\kkbsk-priority-17\Screenshots\1\Skenario 5.4 Master Event - Search - Non Valid kode event.png]]

2024-02-01 14:17:28 - [TEST_STEP][PASSED] - setText(findTestObject("CMS/Page_Dashboard/search bar"), nama_event): Text 'Testing tudei6' is set on object 'Object Repository/CMS/Page_Dashboard/search bar'

2024-02-01 14:17:28 - [MESSAGE][PASSED] - Text 'Testing tudei6' is set on object 'Object Repository/CMS/Page_Dashboard/search bar'

2024-02-01 14:17:28 - [TEST_STEP][PASSED] - delay(5): Delayed 5 second(s)

2024-02-01 14:17:33 - [MESSAGE][PASSED] - Delayed 5 second(s)

2024-02-01 14:17:33 - [TEST_STEP][PASSED] - takeScreenshot(baseDir + sspathP17 + "\" + matriks + "\" + "Skenario 5.5 Master Event - Search - Valid nama event" + ".png", STOP_ON_FAILURE): Taking screenshot successfully

2024-02-01 14:17:34 - [MESSAGE][PASSED] - Taking screenshot successfully
[[ATTACHMENT|C:\Users\Daniel\Documents\BCAF\Github\KKBSK Prior 17\kkbsk-priority-17\Screenshots\1\Skenario 5.5 Master Event - Search - Valid nama event.png]]

2024-02-01 14:17:34 - [TEST_STEP][PASSED] - setText(findTestObject("CMS/Page_Dashboard/search bar"), "testing1"): Text 'testing1' is set on object 'Object Repository/CMS/Page_Dashboard/search bar'

2024-02-01 14:17:34 - [MESSAGE][PASSED] - Text 'testing1' is set on object 'Object Repository/CMS/Page_Dashboard/search bar'

2024-02-01 14:17:34 - [TEST_STEP][PASSED] - delay(5): Delayed 5 second(s)

2024-02-01 14:17:39 - [MESSAGE][PASSED] - Delayed 5 second(s)

2024-02-01 14:17:39 - [TEST_STEP][PASSED] - takeScreenshot(baseDir + sspathP17 + "\" + matriks + "\" + "Skenario 5.6 Master Event - Search - Non Valid nama event" + ".png", STOP_ON_FAILURE): Taking screenshot successfully

2024-02-01 14:17:40 - [MESSAGE][PASSED] - Taking screenshot successfully
[[ATTACHMENT|C:\Users\Daniel\Documents\BCAF\Github\KKBSK Prior 17\kkbsk-priority-17\Screenshots\1\Skenario 5.6 Master Event - Search - Non Valid nama event.png]]

2024-02-01 14:17:40 - [TEST_STEP][PASSED] - setText(findTestObject("CMS/Page_Dashboard/search bar"), lokasi): Text 'Jakarta' is set on object 'Object Repository/CMS/Page_Dashboard/search bar'

2024-02-01 14:17:40 - [MESSAGE][PASSED] - Text 'Jakarta' is set on object 'Object Repository/CMS/Page_Dashboard/search bar'

2024-02-01 14:17:40 - [TEST_STEP][PASSED] - delay(5): Delayed 5 second(s)

2024-02-01 14:17:45 - [MESSAGE][PASSED] - Delayed 5 second(s)

2024-02-01 14:17:45 - [TEST_STEP][PASSED] - takeScreenshot(baseDir + sspathP17 + "\" + matriks + "\" + "Skenario 5.7 Master Event - Search - Valid lokasi" + ".png", STOP_ON_FAILURE): Taking screenshot successfully

2024-02-01 14:17:46 - [MESSAGE][PASSED] - Taking screenshot successfully
[[ATTACHMENT|C:\Users\Daniel\Documents\BCAF\Github\KKBSK Prior 17\kkbsk-priority-17\Screenshots\1\Skenario 5.7 Master Event - Search - Valid lokasi.png]]

2024-02-01 14:17:46 - [TEST_STEP][PASSED] - setText(findTestObject("CMS/Page_Dashboard/search bar"), "Jonggol"): Text 'Jonggol' is set on object 'Object Repository/CMS/Page_Dashboard/search bar'

2024-02-01 14:17:46 - [MESSAGE][PASSED] - Text 'Jonggol' is set on object 'Object Repository/CMS/Page_Dashboard/search bar'

2024-02-01 14:17:46 - [TEST_STEP][PASSED] - delay(5): Delayed 5 second(s)

2024-02-01 14:17:51 - [MESSAGE][PASSED] - Delayed 5 second(s)

2024-02-01 14:17:51 - [TEST_STEP][PASSED] - takeScreenshot(baseDir + sspathP17 + "\" + matriks + "\" + "Skenario 5.8 Master Event - Search - Non Valid lokasi" + ".png", STOP_ON_FAILURE): Taking screenshot successfully

2024-02-01 14:17:52 - [MESSAGE][PASSED] - Taking screenshot successfully
[[ATTACHMENT|C:\Users\Daniel\Documents\BCAF\Github\KKBSK Prior 17\kkbsk-priority-17\Screenshots\1\Skenario 5.8 Master Event - Search - Non Valid lokasi.png]]

2024-02-01 14:17:52 - [TEST_STEP][PASSED] - setText(findTestObject("CMS/Page_Dashboard/search bar"), dari_tanggal): Text '2024-01-10' is set on object 'Object Repository/CMS/Page_Dashboard/search bar'

2024-02-01 14:17:52 - [MESSAGE][PASSED] - Text '2024-01-10' is set on object 'Object Repository/CMS/Page_Dashboard/search bar'

2024-02-01 14:17:52 - [TEST_STEP][PASSED] - delay(5): Delayed 5 second(s)

2024-02-01 14:17:57 - [MESSAGE][PASSED] - Delayed 5 second(s)

2024-02-01 14:17:57 - [TEST_STEP][PASSED] - takeScreenshot(baseDir + sspathP17 + "\" + matriks + "\" + "Skenario 5.9 Master Event - Search - Dari Tanggal" + ".png", STOP_ON_FAILURE): Taking screenshot successfully

2024-02-01 14:17:58 - [MESSAGE][PASSED] - Taking screenshot successfully
[[ATTACHMENT|C:\Users\Daniel\Documents\BCAF\Github\KKBSK Prior 17\kkbsk-priority-17\Screenshots\1\Skenario 5.9 Master Event - Search - Dari Tanggal.png]]

2024-02-01 14:17:58 - [TEST_STEP][PASSED] - setText(findTestObject("CMS/Page_Dashboard/search bar"), sampai_tanggal): Text '2024-01-17' is set on object 'Object Repository/CMS/Page_Dashboard/search bar'

2024-02-01 14:17:58 - [MESSAGE][PASSED] - Text '2024-01-17' is set on object 'Object Repository/CMS/Page_Dashboard/search bar'

2024-02-01 14:17:58 - [TEST_STEP][PASSED] - delay(5): Delayed 5 second(s)

2024-02-01 14:18:03 - [MESSAGE][PASSED] - Delayed 5 second(s)

2024-02-01 14:18:03 - [TEST_STEP][PASSED] - takeScreenshot(baseDir + sspathP17 + "\" + matriks + "\" + "Skenario 5.10 Master Event - Search - Sampai Tanggal" + ".png", STOP_ON_FAILURE): Taking screenshot successfully

2024-02-01 14:18:03 - [MESSAGE][PASSED] - Taking screenshot successfully
[[ATTACHMENT|C:\Users\Daniel\Documents\BCAF\Github\KKBSK Prior 17\kkbsk-priority-17\Screenshots\1\Skenario 5.10 Master Event - Search - Sampai Tanggal.png]]

2024-02-01 14:18:03 - [TEST_STEP][PASSED] - setText(findTestObject("CMS/Page_Dashboard/search bar"), "Active"): Text 'Active' is set on object 'Object Repository/CMS/Page_Dashboard/search bar'

2024-02-01 14:18:04 - [MESSAGE][PASSED] - Text 'Active' is set on object 'Object Repository/CMS/Page_Dashboard/search bar'

2024-02-01 14:18:04 - [TEST_STEP][PASSED] - delay(5): Delayed 5 second(s)

2024-02-01 14:18:09 - [MESSAGE][PASSED] - Delayed 5 second(s)

2024-02-01 14:18:09 - [TEST_STEP][PASSED] - takeScreenshot(baseDir + sspathP17 + "\" + matriks + "\" + "Skenario 5.10 Master Event - Search - Status (active)" + ".png", STOP_ON_FAILURE): Taking screenshot successfully

2024-02-01 14:18:09 - [MESSAGE][PASSED] - Taking screenshot successfully
[[ATTACHMENT|C:\Users\Daniel\Documents\BCAF\Github\KKBSK Prior 17\kkbsk-priority-17\Screenshots\1\Skenario 5.10 Master Event - Search - Status (active).png]]

2024-02-01 14:18:09 - [TEST_STEP][PASSED] - setText(findTestObject("CMS/Page_Dashboard/search bar"), "Inactive"): Text 'Inactive' is set on object 'Object Repository/CMS/Page_Dashboard/search bar'

2024-02-01 14:18:10 - [MESSAGE][PASSED] - Text 'Inactive' is set on object 'Object Repository/CMS/Page_Dashboard/search bar'

2024-02-01 14:18:10 - [TEST_STEP][PASSED] - delay(5): Delayed 5 second(s)

2024-02-01 14:18:15 - [MESSAGE][PASSED] - Delayed 5 second(s)

2024-02-01 14:18:15 - [TEST_STEP][PASSED] - takeScreenshot(baseDir + sspathP17 + "\" + matriks + "\" + "Skenario 5.10 Master Event - Search - Status (inactive)" + ".png", STOP_ON_FAILURE): Taking screenshot successfully

2024-02-01 14:18:15 - [MESSAGE][PASSED] - Taking screenshot successfully
[[ATTACHMENT|C:\Users\Daniel\Documents\BCAF\Github\KKBSK Prior 17\kkbsk-priority-17\Screenshots\1\Skenario 5.10 Master Event - Search - Status (inactive).png]]

2024-02-01 14:18:15 - [TEST_STEP][PASSED] - click(findTestObject("CMS/Page_Dashboard/sidebar-dashboard")): Object: 'Object Repository/CMS/Page_Dashboard/sidebar-dashboard' is clicked on

2024-02-01 14:18:16 - [MESSAGE][PASSED] - Object: 'Object Repository/CMS/Page_Dashboard/sidebar-dashboard' is clicked on

2024-02-01 14:18:16 - [TEST_STEP][PASSED] - takeScreenshot(baseDir + sspathP17 + "\" + matriks + "\" + "Skenario 5.1 Dashboard - Sidebar" + ".png", STOP_ON_FAILURE): Taking screenshot successfully

2024-02-01 14:18:16 - [MESSAGE][PASSED] - Taking screenshot successfully
[[ATTACHMENT|C:\Users\Daniel\Documents\BCAF\Github\KKBSK Prior 17\kkbsk-priority-17\Screenshots\1\Skenario 5.1 Dashboard - Sidebar.png]]

2024-02-01 14:18:16 - [TEST_STEP][PASSED] - click(findTestObject("CMS/Page_Dashboard/Master Event")): Object: 'Object Repository/CMS/Page_Dashboard/Master Event' is clicked on

2024-02-01 14:18:18 - [MESSAGE][PASSED] - Object: 'Object Repository/CMS/Page_Dashboard/Master Event' is clicked on

2024-02-01 14:18:18 - [TEST_STEP][PASSED] - delay(5): Delayed 5 second(s)

2024-02-01 14:18:23 - [MESSAGE][PASSED] - Delayed 5 second(s)

2024-02-01 14:18:23 - [TEST_STEP][PASSED] - takeScreenshot(baseDir + sspathP17 + "\" + matriks + "\" + "Skenario 5.11 Master Event - Before Sorting" + ".png", STOP_ON_FAILURE): Taking screenshot successfully

2024-02-01 14:18:23 - [MESSAGE][PASSED] - Taking screenshot successfully
[[ATTACHMENT|C:\Users\Daniel\Documents\BCAF\Github\KKBSK Prior 17\kkbsk-priority-17\Screenshots\1\Skenario 5.11 Master Event - Before Sorting.png]]

2024-02-01 14:18:23 - [TEST_STEP][PASSED] - click(findTestObject("CMS/Page_Master Sorting/sorting_Nama Event")): Object: 'Object Repository/CMS/Page_Master Sorting/sorting_Nama Event' is clicked on

2024-02-01 14:18:24 - [MESSAGE][PASSED] - Object: 'Object Repository/CMS/Page_Master Sorting/sorting_Nama Event' is clicked on

2024-02-01 14:18:24 - [TEST_STEP][PASSED] - delay(5): Delayed 5 second(s)

2024-02-01 14:18:29 - [MESSAGE][PASSED] - Delayed 5 second(s)

2024-02-01 14:18:29 - [TEST_STEP][PASSED] - takeScreenshot(baseDir + sspathP17 + "\" + matriks + "\" + "Skenario 5.12 Master Event - Sorting - Kode Event" + ".png", STOP_ON_FAILURE): Taking screenshot successfully

2024-02-01 14:18:29 - [MESSAGE][PASSED] - Taking screenshot successfully
[[ATTACHMENT|C:\Users\Daniel\Documents\BCAF\Github\KKBSK Prior 17\kkbsk-priority-17\Screenshots\1\Skenario 5.12 Master Event - Sorting - Kode Event.png]]

2024-02-01 14:18:29 - [TEST_STEP][PASSED] - click(findTestObject("Object Repository/CMS/Page_Master Sorting/sorting_Nama Event")): Object: 'Object Repository/CMS/Page_Master Sorting/sorting_Nama Event' is clicked on

2024-02-01 14:18:30 - [MESSAGE][PASSED] - Object: 'Object Repository/CMS/Page_Master Sorting/sorting_Nama Event' is clicked on

2024-02-01 14:18:30 - [TEST_STEP][PASSED] - delay(5): Delayed 5 second(s)

2024-02-01 14:18:35 - [MESSAGE][PASSED] - Delayed 5 second(s)

2024-02-01 14:18:35 - [TEST_STEP][PASSED] - takeScreenshot(baseDir + sspathP17 + "\" + matriks + "\" + "Skenario 5.13 Master Event - Sorting - Nama Event" + ".png", STOP_ON_FAILURE): Taking screenshot successfully

2024-02-01 14:18:35 - [MESSAGE][PASSED] - Taking screenshot successfully
[[ATTACHMENT|C:\Users\Daniel\Documents\BCAF\Github\KKBSK Prior 17\kkbsk-priority-17\Screenshots\1\Skenario 5.13 Master Event - Sorting - Nama Event.png]]

2024-02-01 14:18:35 - [TEST_STEP][PASSED] - click(findTestObject("Object Repository/CMS/Page_Master Sorting/sorting_Lokasi")): Object: 'Object Repository/CMS/Page_Master Sorting/sorting_Lokasi' is clicked on

2024-02-01 14:18:35 - [MESSAGE][PASSED] - Object: 'Object Repository/CMS/Page_Master Sorting/sorting_Lokasi' is clicked on

2024-02-01 14:18:35 - [TEST_STEP][PASSED] - delay(5): Delayed 5 second(s)

2024-02-01 14:18:41 - [MESSAGE][PASSED] - Delayed 5 second(s)

2024-02-01 14:18:41 - [TEST_STEP][PASSED] - takeScreenshot(baseDir + sspathP17 + "\" + matriks + "\" + "Skenario 5.14 Master Event - Sorting - Lokasi" + ".png", STOP_ON_FAILURE): Taking screenshot successfully

2024-02-01 14:18:41 - [MESSAGE][PASSED] - Taking screenshot successfully
[[ATTACHMENT|C:\Users\Daniel\Documents\BCAF\Github\KKBSK Prior 17\kkbsk-priority-17\Screenshots\1\Skenario 5.14 Master Event - Sorting - Lokasi.png]]

2024-02-01 14:18:41 - [TEST_STEP][PASSED] - click(findTestObject("Object Repository/CMS/Page_Master Sorting/sorting_Dari Tanggal")): Object: 'Object Repository/CMS/Page_Master Sorting/sorting_Dari Tanggal' is clicked on

2024-02-01 14:18:41 - [MESSAGE][PASSED] - Object: 'Object Repository/CMS/Page_Master Sorting/sorting_Dari Tanggal' is clicked on

2024-02-01 14:18:41 - [TEST_STEP][PASSED] - delay(5): Delayed 5 second(s)

2024-02-01 14:18:46 - [MESSAGE][PASSED] - Delayed 5 second(s)

2024-02-01 14:18:46 - [TEST_STEP][PASSED] - takeScreenshot(baseDir + sspathP17 + "\" + matriks + "\" + "Skenario 5.15 Master Event - Sorting - Dari Tanggal" + ".png", STOP_ON_FAILURE): Taking screenshot successfully

2024-02-01 14:18:47 - [MESSAGE][PASSED] - Taking screenshot successfully
[[ATTACHMENT|C:\Users\Daniel\Documents\BCAF\Github\KKBSK Prior 17\kkbsk-priority-17\Screenshots\1\Skenario 5.15 Master Event - Sorting - Dari Tanggal.png]]

2024-02-01 14:18:47 - [TEST_STEP][PASSED] - click(findTestObject("Object Repository/CMS/Page_Master Sorting/sorting_Sampai Tanggal")): Object: 'Object Repository/CMS/Page_Master Sorting/sorting_Sampai Tanggal' is clicked on

2024-02-01 14:18:47 - [MESSAGE][PASSED] - Object: 'Object Repository/CMS/Page_Master Sorting/sorting_Sampai Tanggal' is clicked on

2024-02-01 14:18:47 - [TEST_STEP][PASSED] - delay(5): Delayed 5 second(s)

2024-02-01 14:18:52 - [MESSAGE][PASSED] - Delayed 5 second(s)

2024-02-01 14:18:52 - [TEST_STEP][PASSED] - takeScreenshot(baseDir + sspathP17 + "\" + matriks + "\" + "Skenario 5.15 Master Event - Sorting - Sampai Tanggal" + ".png", STOP_ON_FAILURE): Taking screenshot successfully

2024-02-01 14:18:53 - [MESSAGE][PASSED] - Taking screenshot successfully
[[ATTACHMENT|C:\Users\Daniel\Documents\BCAF\Github\KKBSK Prior 17\kkbsk-priority-17\Screenshots\1\Skenario 5.15 Master Event - Sorting - Sampai Tanggal.png]]

2024-02-01 14:18:53 - [TEST_STEP][PASSED] - click(findTestObject("Object Repository/CMS/Page_Master Sorting/sorting_Status")): Object: 'Object Repository/CMS/Page_Master Sorting/sorting_Status' is clicked on

2024-02-01 14:18:53 - [MESSAGE][PASSED] - Object: 'Object Repository/CMS/Page_Master Sorting/sorting_Status' is clicked on

2024-02-01 14:18:53 - [TEST_STEP][PASSED] - delay(5): Delayed 5 second(s)

2024-02-01 14:18:58 - [MESSAGE][PASSED] - Delayed 5 second(s)

2024-02-01 14:18:58 - [TEST_STEP][PASSED] - takeScreenshot(baseDir + sspathP17 + "\" + matriks + "\" + "Skenario 5.15 Master Event - Sorting - Status" + ".png", STOP_ON_FAILURE): Taking screenshot successfully

2024-02-01 14:18:59 - [MESSAGE][PASSED] - Taking screenshot successfully
[[ATTACHMENT|C:\Users\Daniel\Documents\BCAF\Github\KKBSK Prior 17\kkbsk-priority-17\Screenshots\1\Skenario 5.15 Master Event - Sorting - Status.png]]]]></system-out>
         <system-err><![CDATA[]]></system-err>
      </testcase>
      <testcase name="Test Cases/4. Master Event - Edit" time="37.835" classname="Test Cases/4. Master Event - Edit" status="FAILED">
         <failure type="FAILED" message="Test Cases/4. Master Event - Edit FAILED.
Reason:
com.kms.katalon.core.exception.StepFailedException: Unable to click on object 'Object Repository/CMS/Page_Master Event/click_Sampai Tanggal'
	at com.kms.katalon.core.webui.keyword.internal.WebUIKeywordMain.stepFailed(WebUIKeywordMain.groovy:64)
	at com.kms.katalon.core.webui.keyword.internal.WebUIKeywordMain.runKeyword(WebUIKeywordMain.groovy:26)
	at com.kms.katalon.core.webui.keyword.builtin.ClickKeyword.click(ClickKeyword.groovy:74)
	at com.kms.katalon.core.webui.keyword.builtin.ClickKeyword.execute(ClickKeyword.groovy:40)
	at com.kms.katalon.core.keyword.internal.KeywordExecutor.executeKeywordForPlatform(KeywordExecutor.groovy:74)
	at com.kms.katalon.core.webui.keyword.WebUiBuiltInKeywords.click(WebUiBuiltInKeywords.groovy:620)
	at com.kms.katalon.core.webui.keyword.WebUiBuiltInKeywords$click$3.call(Unknown Source)
	at 4. Master Event - Edit.run(4. Master Event - Edit:50)
	at com.kms.katalon.core.main.ScriptEngine.run(ScriptEngine.java:194)
	at com.kms.katalon.core.main.ScriptEngine.runScriptAsRawText(ScriptEngine.java:119)
	at com.kms.katalon.core.main.TestCaseExecutor.runScript(TestCaseExecutor.java:448)
	at com.kms.katalon.core.main.TestCaseExecutor.doExecute(TestCaseExecutor.java:439)
	at com.kms.katalon.core.main.TestCaseExecutor.processExecutionPhase(TestCaseExecutor.java:418)
	at com.kms.katalon.core.main.TestCaseExecutor.accessMainPhase(TestCaseExecutor.java:410)
	at com.kms.katalon.core.main.TestCaseExecutor.execute(TestCaseExecutor.java:285)
	at com.kms.katalon.core.common.CommonExecutor.accessTestCaseMainPhase(CommonExecutor.java:65)
	at com.kms.katalon.core.main.TestSuiteExecutor.accessTestSuiteMainPhase(TestSuiteExecutor.java:148)
	at com.kms.katalon.core.main.TestSuiteExecutor.execute(TestSuiteExecutor.java:106)
	at com.kms.katalon.core.main.TestCaseMain.startTestSuite(TestCaseMain.java:187)
	at com.kms.katalon.core.main.TestCaseMain$startTestSuite$0.call(Unknown Source)
	at TempTestSuite1706771719324.run(TempTestSuite1706771719324.groovy:36)
Caused by: com.kms.katalon.core.webui.exception.WebElementNotFoundException: Web element with id: 'Object Repository/CMS/Page_Master Event/click_Sampai Tanggal' located by '//form[@id='formCreate']/div[5]/div' not found
	at com.kms.katalon.core.webui.common.WebUiCommonHelper.findWebElement(WebUiCommonHelper.java:1381)
	at com.kms.katalon.core.webui.keyword.internal.WebUIAbstractKeyword.findWebElement(WebUIAbstractKeyword.groovy:27)
	at com.kms.katalon.core.webui.keyword.builtin.ClickKeyword$_click_closure1.doCall(ClickKeyword.groovy:65)
	at com.kms.katalon.core.webui.keyword.builtin.ClickKeyword$_click_closure1.call(ClickKeyword.groovy)
	at com.kms.katalon.core.webui.keyword.internal.WebUIKeywordMain.runKeyword(WebUIKeywordMain.groovy:20)
	... 19 more
"/>
         <system-out><![CDATA[2024-02-01 14:18:59 - [TEST_CASE][FAILED] - Test Cases/4. Master Event - Edit: Test Cases/4. Master Event - Edit FAILED.
Reason:
com.kms.katalon.core.exception.StepFailedException: Unable to click on object 'Object Repository/CMS/Page_Master Event/click_Sampai Tanggal'
	at com.kms.katalon.core.webui.keyword.internal.WebUIKeywordMain.stepFailed(WebUIKeywordMain.groovy:64)
	at com.kms.katalon.core.webui.keyword.internal.WebUIKeywordMain.runKeyword(WebUIKeywordMain.groovy:26)
	at com.kms.katalon.core.webui.keyword.builtin.ClickKeyword.click(ClickKeyword.groovy:74)
	at com.kms.katalon.core.webui.keyword.builtin.ClickKeyword.execute(ClickKeyword.groovy:40)
	at com.kms.katalon.core.keyword.internal.KeywordExecutor.executeKeywordForPlatform(KeywordExecutor.groovy:74)
	at com.kms.katalon.core.webui.keyword.WebUiBuiltInKeywords.click(WebUiBuiltInKeywords.groovy:620)
	at com.kms.katalon.core.webui.keyword.WebUiBuiltInKeywords$click$3.call(Unknown Source)
	at 4. Master Event - Edit.run(4. Master Event - Edit:50)
	at com.kms.katalon.core.main.ScriptEngine.run(ScriptEngine.java:194)
	at com.kms.katalon.core.main.ScriptEngine.runScriptAsRawText(ScriptEngine.java:119)
	at com.kms.katalon.core.main.TestCaseExecutor.runScript(TestCaseExecutor.java:448)
	at com.kms.katalon.core.main.TestCaseExecutor.doExecute(TestCaseExecutor.java:439)
	at com.kms.katalon.core.main.TestCaseExecutor.processExecutionPhase(TestCaseExecutor.java:418)
	at com.kms.katalon.core.main.TestCaseExecutor.accessMainPhase(TestCaseExecutor.java:410)
	at com.kms.katalon.core.main.TestCaseExecutor.execute(TestCaseExecutor.java:285)
	at com.kms.katalon.core.common.CommonExecutor.accessTestCaseMainPhase(CommonExecutor.java:65)
	at com.kms.katalon.core.main.TestSuiteExecutor.accessTestSuiteMainPhase(TestSuiteExecutor.java:148)
	at com.kms.katalon.core.main.TestSuiteExecutor.execute(TestSuiteExecutor.java:106)
	at com.kms.katalon.core.main.TestCaseMain.startTestSuite(TestCaseMain.java:187)
	at com.kms.katalon.core.main.TestCaseMain$startTestSuite$0.call(Unknown Source)
	at TempTestSuite1706771719324.run(TempTestSuite1706771719324.groovy:36)
Caused by: com.kms.katalon.core.webui.exception.WebElementNotFoundException: Web element with id: 'Object Repository/CMS/Page_Master Event/click_Sampai Tanggal' located by '//form[@id='formCreate']/div[5]/div' not found
	at com.kms.katalon.core.webui.common.WebUiCommonHelper.findWebElement(WebUiCommonHelper.java:1381)
	at com.kms.katalon.core.webui.keyword.internal.WebUIAbstractKeyword.findWebElement(WebUIAbstractKeyword.groovy:27)
	at com.kms.katalon.core.webui.keyword.builtin.ClickKeyword$_click_closure1.doCall(ClickKeyword.groovy:65)
	at com.kms.katalon.core.webui.keyword.builtin.ClickKeyword$_click_closure1.call(ClickKeyword.groovy)
	at com.kms.katalon.core.webui.keyword.internal.WebUIKeywordMain.runKeyword(WebUIKeywordMain.groovy:20)
	... 19 more


2024-02-01 14:18:59 - [TEST_STEP][PASSED] - baseDir = System.getProperty("user.dir"): null

2024-02-01 14:18:59 - [TEST_STEP][PASSED] - setText(findTestObject("CMS/Page_Dashboard/search bar"), kode_event): Text 'EVENT240081' is set on object 'Object Repository/CMS/Page_Dashboard/search bar'

2024-02-01 14:19:00 - [MESSAGE][PASSED] - Text 'EVENT240081' is set on object 'Object Repository/CMS/Page_Dashboard/search bar'

2024-02-01 14:19:00 - [TEST_STEP][PASSED] - takeScreenshot(baseDir + sspathP17 + "\" + matriks + "\" + "Skenario 6.1 Master Event(Edit)" + ".png", STOP_ON_FAILURE): Taking screenshot successfully

2024-02-01 14:19:00 - [MESSAGE][PASSED] - Taking screenshot successfully
[[ATTACHMENT|C:\Users\Daniel\Documents\BCAF\Github\KKBSK Prior 17\kkbsk-priority-17\Screenshots\1\Skenario 6.1 Master Event(Edit).png]]

2024-02-01 14:19:00 - [TEST_STEP][PASSED] - click(findTestObject("CMS/Page_Master Event/Page_Master Event/button-edit")): Object: 'Object Repository/CMS/Page_Master Event/Page_Master Event/button-edit' is clicked on

2024-02-01 14:19:01 - [MESSAGE][PASSED] - Object: 'Object Repository/CMS/Page_Master Event/Page_Master Event/button-edit' is clicked on

2024-02-01 14:19:01 - [TEST_STEP][PASSED] - takeScreenshot(baseDir + sspathP17 + "\" + matriks + "\" + "Skenario 6.2 Master Event(Edit) - Popup" + ".png", STOP_ON_FAILURE): Taking screenshot successfully

2024-02-01 14:19:02 - [MESSAGE][PASSED] - Taking screenshot successfully
[[ATTACHMENT|C:\Users\Daniel\Documents\BCAF\Github\KKBSK Prior 17\kkbsk-priority-17\Screenshots\1\Skenario 6.2 Master Event(Edit) - Popup.png]]

2024-02-01 14:19:02 - [TEST_STEP][PASSED] - setText(findTestObject("CMS/Page_Master Event/input_Nama Event_name"), nama_event): Text 'Testing tudei6' is set on object 'Object Repository/CMS/Page_Master Event/input_Nama Event_name'

2024-02-01 14:19:02 - [MESSAGE][PASSED] - Text 'Testing tudei6' is set on object 'Object Repository/CMS/Page_Master Event/input_Nama Event_name'

2024-02-01 14:19:02 - [TEST_STEP][PASSED] - takeScreenshot(baseDir + sspathP17 + "\" + matriks + "\" + "Skenario 6.3 Master Event(Edit) - Popup - Unsuccess" + ".png", STOP_ON_FAILURE): Taking screenshot successfully

2024-02-01 14:19:03 - [MESSAGE][PASSED] - Taking screenshot successfully
[[ATTACHMENT|C:\Users\Daniel\Documents\BCAF\Github\KKBSK Prior 17\kkbsk-priority-17\Screenshots\1\Skenario 6.3 Master Event(Edit) - Popup - Unsuccess.png]]

2024-02-01 14:19:03 - [TEST_STEP][PASSED] - click(findTestObject("Object Repository/CMS/Page_Master Event/Page_Master Event/button_CANCEL")): Object: 'Object Repository/CMS/Page_Master Event/Page_Master Event/button_CANCEL' is clicked on

2024-02-01 14:19:03 - [MESSAGE][PASSED] - Object: 'Object Repository/CMS/Page_Master Event/Page_Master Event/button_CANCEL' is clicked on

2024-02-01 14:19:03 - [TEST_STEP][PASSED] - takeScreenshot(baseDir + sspathP17 + "\" + matriks + "\" + "Skenario 6.4 Master Event(Edit)" + ".png", STOP_ON_FAILURE): Taking screenshot successfully

2024-02-01 14:19:04 - [MESSAGE][PASSED] - Taking screenshot successfully
[[ATTACHMENT|C:\Users\Daniel\Documents\BCAF\Github\KKBSK Prior 17\kkbsk-priority-17\Screenshots\1\Skenario 6.4 Master Event(Edit).png]]

2024-02-01 14:19:04 - [TEST_STEP][PASSED] - click(findTestObject("CMS/Page_Master Event/Page_Master Event/button-edit")): Object: 'Object Repository/CMS/Page_Master Event/Page_Master Event/button-edit' is clicked on

2024-02-01 14:19:05 - [MESSAGE][PASSED] - Object: 'Object Repository/CMS/Page_Master Event/Page_Master Event/button-edit' is clicked on

2024-02-01 14:19:05 - [TEST_STEP][FAILED] - click(findTestObject("Object Repository/CMS/Page_Master Event/click_Sampai Tanggal")): Unable to click on object 'Object Repository/CMS/Page_Master Event/click_Sampai Tanggal' (Root cause: com.kms.katalon.core.exception.StepFailedException: Unable to click on object 'Object Repository/CMS/Page_Master Event/click_Sampai Tanggal'
	at com.kms.katalon.core.webui.keyword.internal.WebUIKeywordMain.stepFailed(WebUIKeywordMain.groovy:64)
	at com.kms.katalon.core.webui.keyword.internal.WebUIKeywordMain.runKeyword(WebUIKeywordMain.groovy:26)
	at com.kms.katalon.core.webui.keyword.builtin.ClickKeyword.click(ClickKeyword.groovy:74)
	at com.kms.katalon.core.webui.keyword.builtin.ClickKeyword.execute(ClickKeyword.groovy:40)
	at com.kms.katalon.core.keyword.internal.KeywordExecutor.executeKeywordForPlatform(KeywordExecutor.groovy:74)
	at com.kms.katalon.core.webui.keyword.WebUiBuiltInKeywords.click(WebUiBuiltInKeywords.groovy:620)
	at com.kms.katalon.core.webui.keyword.WebUiBuiltInKeywords$click$3.call(Unknown Source)
	at 4. Master Event - Edit.run(4. Master Event - Edit:50)
	at com.kms.katalon.core.main.ScriptEngine.run(ScriptEngine.java:194)
	at com.kms.katalon.core.main.ScriptEngine.runScriptAsRawText(ScriptEngine.java:119)
	at com.kms.katalon.core.main.TestCaseExecutor.runScript(TestCaseExecutor.java:448)
	at com.kms.katalon.core.main.TestCaseExecutor.doExecute(TestCaseExecutor.java:439)
	at com.kms.katalon.core.main.TestCaseExecutor.processExecutionPhase(TestCaseExecutor.java:418)
	at com.kms.katalon.core.main.TestCaseExecutor.accessMainPhase(TestCaseExecutor.java:410)
	at com.kms.katalon.core.main.TestCaseExecutor.execute(TestCaseExecutor.java:285)
	at com.kms.katalon.core.common.CommonExecutor.accessTestCaseMainPhase(CommonExecutor.java:65)
	at com.kms.katalon.core.main.TestSuiteExecutor.accessTestSuiteMainPhase(TestSuiteExecutor.java:148)
	at com.kms.katalon.core.main.TestSuiteExecutor.execute(TestSuiteExecutor.java:106)
	at com.kms.katalon.core.main.TestCaseMain.startTestSuite(TestCaseMain.java:187)
	at com.kms.katalon.core.main.TestCaseMain$startTestSuite$0.call(Unknown Source)
	at TempTestSuite1706771719324.run(TempTestSuite1706771719324.groovy:36)
Caused by: com.kms.katalon.core.webui.exception.WebElementNotFoundException: Web element with id: 'Object Repository/CMS/Page_Master Event/click_Sampai Tanggal' located by '//form[@id='formCreate']/div[5]/div' not found
	at com.kms.katalon.core.webui.common.WebUiCommonHelper.findWebElement(WebUiCommonHelper.java:1381)
	at com.kms.katalon.core.webui.keyword.internal.WebUIAbstractKeyword.findWebElement(WebUIAbstractKeyword.groovy:27)
	at com.kms.katalon.core.webui.keyword.builtin.ClickKeyword$_click_closure1.doCall(ClickKeyword.groovy:65)
	at com.kms.katalon.core.webui.keyword.builtin.ClickKeyword$_click_closure1.call(ClickKeyword.groovy)
	at com.kms.katalon.core.webui.keyword.internal.WebUIKeywordMain.runKeyword(WebUIKeywordMain.groovy:20)
	at com.kms.katalon.core.webui.keyword.builtin.ClickKeyword.click(ClickKeyword.groovy:74)
	at com.kms.katalon.core.webui.keyword.builtin.ClickKeyword.execute(ClickKeyword.groovy:40)
	at com.kms.katalon.core.keyword.internal.KeywordExecutor.executeKeywordForPlatform(KeywordExecutor.groovy:74)
	at com.kms.katalon.core.webui.keyword.WebUiBuiltInKeywords.click(WebUiBuiltInKeywords.groovy:620)
	at com.kms.katalon.core.webui.keyword.WebUiBuiltInKeywords$click$3.call(Unknown Source)
	at Script1705652971888.run(Script1705652971888.groovy:50)
	... 13 more
)

2024-02-01 14:19:36 - [MESSAGE][INFO] - Unable to find the element located by 'By.xpath: //form[@id='formCreate']/div[5]/div'. Please recheck the objects properties to make sure the desired element is located. 

2024-02-01 14:19:37 - [MESSAGE][FAILED] - Unable to click on object 'Object Repository/CMS/Page_Master Event/click_Sampai Tanggal' (Root cause: com.kms.katalon.core.exception.StepFailedException: Unable to click on object 'Object Repository/CMS/Page_Master Event/click_Sampai Tanggal'
	at com.kms.katalon.core.webui.keyword.internal.WebUIKeywordMain.stepFailed(WebUIKeywordMain.groovy:64)
	at com.kms.katalon.core.webui.keyword.internal.WebUIKeywordMain.runKeyword(WebUIKeywordMain.groovy:26)
	at com.kms.katalon.core.webui.keyword.builtin.ClickKeyword.click(ClickKeyword.groovy:74)
	at com.kms.katalon.core.webui.keyword.builtin.ClickKeyword.execute(ClickKeyword.groovy:40)
	at com.kms.katalon.core.keyword.internal.KeywordExecutor.executeKeywordForPlatform(KeywordExecutor.groovy:74)
	at com.kms.katalon.core.webui.keyword.WebUiBuiltInKeywords.click(WebUiBuiltInKeywords.groovy:620)
	at com.kms.katalon.core.webui.keyword.WebUiBuiltInKeywords$click$3.call(Unknown Source)
	at 4. Master Event - Edit.run(4. Master Event - Edit:50)
	at com.kms.katalon.core.main.ScriptEngine.run(ScriptEngine.java:194)
	at com.kms.katalon.core.main.ScriptEngine.runScriptAsRawText(ScriptEngine.java:119)
	at com.kms.katalon.core.main.TestCaseExecutor.runScript(TestCaseExecutor.java:448)
	at com.kms.katalon.core.main.TestCaseExecutor.doExecute(TestCaseExecutor.java:439)
	at com.kms.katalon.core.main.TestCaseExecutor.processExecutionPhase(TestCaseExecutor.java:418)
	at com.kms.katalon.core.main.TestCaseExecutor.accessMainPhase(TestCaseExecutor.java:410)
	at com.kms.katalon.core.main.TestCaseExecutor.execute(TestCaseExecutor.java:285)
	at com.kms.katalon.core.common.CommonExecutor.accessTestCaseMainPhase(CommonExecutor.java:65)
	at com.kms.katalon.core.main.TestSuiteExecutor.accessTestSuiteMainPhase(TestSuiteExecutor.java:148)
	at com.kms.katalon.core.main.TestSuiteExecutor.execute(TestSuiteExecutor.java:106)
	at com.kms.katalon.core.main.TestCaseMain.startTestSuite(TestCaseMain.java:187)
	at com.kms.katalon.core.main.TestCaseMain$startTestSuite$0.call(Unknown Source)
	at TempTestSuite1706771719324.run(TempTestSuite1706771719324.groovy:36)
Caused by: com.kms.katalon.core.webui.exception.WebElementNotFoundException: Web element with id: 'Object Repository/CMS/Page_Master Event/click_Sampai Tanggal' located by '//form[@id='formCreate']/div[5]/div' not found
	at com.kms.katalon.core.webui.common.WebUiCommonHelper.findWebElement(WebUiCommonHelper.java:1381)
	at com.kms.katalon.core.webui.keyword.internal.WebUIAbstractKeyword.findWebElement(WebUIAbstractKeyword.groovy:27)
	at com.kms.katalon.core.webui.keyword.builtin.ClickKeyword$_click_closure1.doCall(ClickKeyword.groovy:65)
	at com.kms.katalon.core.webui.keyword.builtin.ClickKeyword$_click_closure1.call(ClickKeyword.groovy)
	at com.kms.katalon.core.webui.keyword.internal.WebUIKeywordMain.runKeyword(WebUIKeywordMain.groovy:20)
	at com.kms.katalon.core.webui.keyword.builtin.ClickKeyword.click(ClickKeyword.groovy:74)
	at com.kms.katalon.core.webui.keyword.builtin.ClickKeyword.execute(ClickKeyword.groovy:40)
	at com.kms.katalon.core.keyword.internal.KeywordExecutor.executeKeywordForPlatform(KeywordExecutor.groovy:74)
	at com.kms.katalon.core.webui.keyword.WebUiBuiltInKeywords.click(WebUiBuiltInKeywords.groovy:620)
	at com.kms.katalon.core.webui.keyword.WebUiBuiltInKeywords$click$3.call(Unknown Source)
	at Script1705652971888.run(Script1705652971888.groovy:50)
	... 13 more
)
[[ATTACHMENT|C:\\Users\\Daniel\\Documents\\BCAF\\Github\\KKBSK Prior 17\\kkbsk-priority-17\\Reports\\20240201_141519\\KKBSK P17\\20240201_141519\\1706771976809.png]]]]></system-out>
         <system-err><![CDATA[2024-02-01 14:18:59 - [TEST_CASE][FAILED] - Test Cases/4. Master Event - Edit: Test Cases/4. Master Event - Edit FAILED.
Reason:
com.kms.katalon.core.exception.StepFailedException: Unable to click on object 'Object Repository/CMS/Page_Master Event/click_Sampai Tanggal'
	at com.kms.katalon.core.webui.keyword.internal.WebUIKeywordMain.stepFailed(WebUIKeywordMain.groovy:64)
	at com.kms.katalon.core.webui.keyword.internal.WebUIKeywordMain.runKeyword(WebUIKeywordMain.groovy:26)
	at com.kms.katalon.core.webui.keyword.builtin.ClickKeyword.click(ClickKeyword.groovy:74)
	at com.kms.katalon.core.webui.keyword.builtin.ClickKeyword.execute(ClickKeyword.groovy:40)
	at com.kms.katalon.core.keyword.internal.KeywordExecutor.executeKeywordForPlatform(KeywordExecutor.groovy:74)
	at com.kms.katalon.core.webui.keyword.WebUiBuiltInKeywords.click(WebUiBuiltInKeywords.groovy:620)
	at com.kms.katalon.core.webui.keyword.WebUiBuiltInKeywords$click$3.call(Unknown Source)
	at 4. Master Event - Edit.run(4. Master Event - Edit:50)
	at com.kms.katalon.core.main.ScriptEngine.run(ScriptEngine.java:194)
	at com.kms.katalon.core.main.ScriptEngine.runScriptAsRawText(ScriptEngine.java:119)
	at com.kms.katalon.core.main.TestCaseExecutor.runScript(TestCaseExecutor.java:448)
	at com.kms.katalon.core.main.TestCaseExecutor.doExecute(TestCaseExecutor.java:439)
	at com.kms.katalon.core.main.TestCaseExecutor.processExecutionPhase(TestCaseExecutor.java:418)
	at com.kms.katalon.core.main.TestCaseExecutor.accessMainPhase(TestCaseExecutor.java:410)
	at com.kms.katalon.core.main.TestCaseExecutor.execute(TestCaseExecutor.java:285)
	at com.kms.katalon.core.common.CommonExecutor.accessTestCaseMainPhase(CommonExecutor.java:65)
	at com.kms.katalon.core.main.TestSuiteExecutor.accessTestSuiteMainPhase(TestSuiteExecutor.java:148)
	at com.kms.katalon.core.main.TestSuiteExecutor.execute(TestSuiteExecutor.java:106)
	at com.kms.katalon.core.main.TestCaseMain.startTestSuite(TestCaseMain.java:187)
	at com.kms.katalon.core.main.TestCaseMain$startTestSuite$0.call(Unknown Source)
	at TempTestSuite1706771719324.run(TempTestSuite1706771719324.groovy:36)
Caused by: com.kms.katalon.core.webui.exception.WebElementNotFoundException: Web element with id: 'Object Repository/CMS/Page_Master Event/click_Sampai Tanggal' located by '//form[@id='formCreate']/div[5]/div' not found
	at com.kms.katalon.core.webui.common.WebUiCommonHelper.findWebElement(WebUiCommonHelper.java:1381)
	at com.kms.katalon.core.webui.keyword.internal.WebUIAbstractKeyword.findWebElement(WebUIAbstractKeyword.groovy:27)
	at com.kms.katalon.core.webui.keyword.builtin.ClickKeyword$_click_closure1.doCall(ClickKeyword.groovy:65)
	at com.kms.katalon.core.webui.keyword.builtin.ClickKeyword$_click_closure1.call(ClickKeyword.groovy)
	at com.kms.katalon.core.webui.keyword.internal.WebUIKeywordMain.runKeyword(WebUIKeywordMain.groovy:20)
	... 19 more]]></system-err>
      </testcase>
      <testcase name="Test Cases/Cek Event" time="79.568" classname="Test Cases/Cek Event" status="PASSED">
         <system-out><![CDATA[2024-02-01 14:19:37 - [TEST_CASE][PASSED] - Test Cases/Cek Event: Test Cases/Cek Event

2024-02-01 14:19:37 - [TEST_STEP][PASSED] - baseDir = System.getProperty("user.dir"): null

2024-02-01 14:19:37 - [TEST_STEP][PASSED] - click(findTestObject("CMS/Page_Dashboard/sidebar-dashboard")): Object: 'Object Repository/CMS/Page_Dashboard/sidebar-dashboard' is clicked on

2024-02-01 14:19:37 - [MESSAGE][PASSED] - Object: 'Object Repository/CMS/Page_Dashboard/sidebar-dashboard' is clicked on

2024-02-01 14:19:37 - [TEST_STEP][PASSED] - click(findTestObject("CMS/Page_Dashboard/click-Event - Dealer")): Object: 'Object Repository/CMS/Page_Dashboard/click-Event - Dealer' is clicked on

2024-02-01 14:19:46 - [MESSAGE][PASSED] - Object: 'Object Repository/CMS/Page_Dashboard/click-Event - Dealer' is clicked on

2024-02-01 14:19:46 - [TEST_STEP][PASSED] - takeScreenshot(baseDir + sspathP17 + "\" + matriks + "\" + "Skenario 4.1 Event - Dealer" + ".png", STOP_ON_FAILURE): Taking screenshot successfully

2024-02-01 14:19:46 - [MESSAGE][PASSED] - Taking screenshot successfully
[[ATTACHMENT|C:\Users\Daniel\Documents\BCAF\Github\KKBSK Prior 17\kkbsk-priority-17\Screenshots\1\Skenario 4.1 Event - Dealer.png]]

2024-02-01 14:19:46 - [TEST_STEP][PASSED] - setText(findTestObject("CMS/Page_Dashboard/search bar"), nama_event): Text 'Testing tudei6' is set on object 'Object Repository/CMS/Page_Dashboard/search bar'

2024-02-01 14:19:47 - [MESSAGE][PASSED] - Text 'Testing tudei6' is set on object 'Object Repository/CMS/Page_Dashboard/search bar'

2024-02-01 14:19:48 - [TEST_STEP][PASSED] - verifyElementPresent(findTestObject("Object Repository/CMS/event_kanwil/edit_button"), 0, OPTIONAL): com.kms.katalon.core.webui.exception.WebElementNotFoundException: Web element with id: 'Object Repository/CMS/event_kanwil/edit_button' located by '//a[@title = 'Edit Data']' not found (Root cause: com.kms.katalon.core.exception.StepFailedException: com.kms.katalon.core.webui.exception.WebElementNotFoundException: Web element with id: 'Object Repository/CMS/event_kanwil/edit_button' located by '//a[@title = 'Edit Data']' not found
	at com.kms.katalon.core.webui.keyword.internal.WebUIKeywordMain.stepFailed(WebUIKeywordMain.groovy:64)
	at com.kms.katalon.core.webui.keyword.builtin.VerifyElementPresentKeyword$_verifyElementPresent_closure1.doCall(VerifyElementPresentKeyword.groovy:85)
	at com.kms.katalon.core.webui.keyword.builtin.VerifyElementPresentKeyword$_verifyElementPresent_closure1.call(VerifyElementPresentKeyword.groovy)
	at com.kms.katalon.core.webui.keyword.internal.WebUIKeywordMain.runKeyword(WebUIKeywordMain.groovy:20)
	at com.kms.katalon.core.webui.keyword.builtin.VerifyElementPresentKeyword.verifyElementPresent(VerifyElementPresentKeyword.groovy:92)
	at com.kms.katalon.core.webui.keyword.builtin.VerifyElementPresentKeyword.execute(VerifyElementPresentKeyword.groovy:68)
	at com.kms.katalon.core.keyword.internal.KeywordExecutor.executeKeywordForPlatform(KeywordExecutor.groovy:74)
	at com.kms.katalon.core.webui.keyword.WebUiBuiltInKeywords.verifyElementPresent(WebUiBuiltInKeywords.groovy:1448)
	at com.kms.katalon.core.webui.keyword.WebUiBuiltInKeywords$verifyElementPresent$7.call(Unknown Source)
	at Cek Event.run(Cek Event:33)
	at com.kms.katalon.core.main.ScriptEngine.run(ScriptEngine.java:194)
	at com.kms.katalon.core.main.ScriptEngine.runScriptAsRawText(ScriptEngine.java:119)
	at com.kms.katalon.core.main.TestCaseExecutor.runScript(TestCaseExecutor.java:448)
	at com.kms.katalon.core.main.TestCaseExecutor.doExecute(TestCaseExecutor.java:439)
	at com.kms.katalon.core.main.TestCaseExecutor.processExecutionPhase(TestCaseExecutor.java:418)
	at com.kms.katalon.core.main.TestCaseExecutor.accessMainPhase(TestCaseExecutor.java:410)
	at com.kms.katalon.core.main.TestCaseExecutor.execute(TestCaseExecutor.java:285)
	at com.kms.katalon.core.common.CommonExecutor.accessTestCaseMainPhase(CommonExecutor.java:65)
	at com.kms.katalon.core.main.TestSuiteExecutor.accessTestSuiteMainPhase(TestSuiteExecutor.java:148)
	at com.kms.katalon.core.main.TestSuiteExecutor.execute(TestSuiteExecutor.java:106)
	at com.kms.katalon.core.main.TestCaseMain.startTestSuite(TestCaseMain.java:187)
	at com.kms.katalon.core.main.TestCaseMain$startTestSuite$0.call(Unknown Source)
	at TempTestSuite1706771719324.run(TempTestSuite1706771719324.groovy:36)
)

2024-02-01 14:19:48 - [MESSAGE][WARNING] - Timeout '0' is invalid. Using default page load timeout: '30'

2024-02-01 14:20:19 - [MESSAGE][INFO] - Unable to find the element located by 'By.xpath: //a[@title = 'Edit Data']'. Please recheck the objects properties to make sure the desired element is located. 

2024-02-01 14:20:19 - [MESSAGE][WARNING] - com.kms.katalon.core.webui.exception.WebElementNotFoundException: Web element with id: 'Object Repository/CMS/event_kanwil/edit_button' located by '//a[@title = 'Edit Data']' not found (Root cause: com.kms.katalon.core.exception.StepFailedException: com.kms.katalon.core.webui.exception.WebElementNotFoundException: Web element with id: 'Object Repository/CMS/event_kanwil/edit_button' located by '//a[@title = 'Edit Data']' not found
	at com.kms.katalon.core.webui.keyword.internal.WebUIKeywordMain.stepFailed(WebUIKeywordMain.groovy:64)
	at com.kms.katalon.core.webui.keyword.builtin.VerifyElementPresentKeyword$_verifyElementPresent_closure1.doCall(VerifyElementPresentKeyword.groovy:85)
	at com.kms.katalon.core.webui.keyword.builtin.VerifyElementPresentKeyword$_verifyElementPresent_closure1.call(VerifyElementPresentKeyword.groovy)
	at com.kms.katalon.core.webui.keyword.internal.WebUIKeywordMain.runKeyword(WebUIKeywordMain.groovy:20)
	at com.kms.katalon.core.webui.keyword.builtin.VerifyElementPresentKeyword.verifyElementPresent(VerifyElementPresentKeyword.groovy:92)
	at com.kms.katalon.core.webui.keyword.builtin.VerifyElementPresentKeyword.execute(VerifyElementPresentKeyword.groovy:68)
	at com.kms.katalon.core.keyword.internal.KeywordExecutor.executeKeywordForPlatform(KeywordExecutor.groovy:74)
	at com.kms.katalon.core.webui.keyword.WebUiBuiltInKeywords.verifyElementPresent(WebUiBuiltInKeywords.groovy:1448)
	at com.kms.katalon.core.webui.keyword.WebUiBuiltInKeywords$verifyElementPresent$7.call(Unknown Source)
	at Cek Event.run(Cek Event:33)
	at com.kms.katalon.core.main.ScriptEngine.run(ScriptEngine.java:194)
	at com.kms.katalon.core.main.ScriptEngine.runScriptAsRawText(ScriptEngine.java:119)
	at com.kms.katalon.core.main.TestCaseExecutor.runScript(TestCaseExecutor.java:448)
	at com.kms.katalon.core.main.TestCaseExecutor.doExecute(TestCaseExecutor.java:439)
	at com.kms.katalon.core.main.TestCaseExecutor.processExecutionPhase(TestCaseExecutor.java:418)
	at com.kms.katalon.core.main.TestCaseExecutor.accessMainPhase(TestCaseExecutor.java:410)
	at com.kms.katalon.core.main.TestCaseExecutor.execute(TestCaseExecutor.java:285)
	at com.kms.katalon.core.common.CommonExecutor.accessTestCaseMainPhase(CommonExecutor.java:65)
	at com.kms.katalon.core.main.TestSuiteExecutor.accessTestSuiteMainPhase(TestSuiteExecutor.java:148)
	at com.kms.katalon.core.main.TestSuiteExecutor.execute(TestSuiteExecutor.java:106)
	at com.kms.katalon.core.main.TestCaseMain.startTestSuite(TestCaseMain.java:187)
	at com.kms.katalon.core.main.TestCaseMain$startTestSuite$0.call(Unknown Source)
	at TempTestSuite1706771719324.run(TempTestSuite1706771719324.groovy:36)
)
[[ATTACHMENT|C:\\Users\\Daniel\\Documents\\BCAF\\Github\\KKBSK Prior 17\\kkbsk-priority-17\\Reports\\20240201_141519\\KKBSK P17\\20240201_141519\\1706772019177.png]]

2024-02-01 14:20:19 - [TEST_STEP][PASSED] - takeScreenshot(baseDir + sspathP17 + "\" + matriks + "\" + "Skenario 4.2 Event - Dealer - Search" + ".png", STOP_ON_FAILURE): Taking screenshot successfully

2024-02-01 14:20:19 - [MESSAGE][PASSED] - Taking screenshot successfully
[[ATTACHMENT|C:\Users\Daniel\Documents\BCAF\Github\KKBSK Prior 17\kkbsk-priority-17\Screenshots\1\Skenario 4.2 Event - Dealer - Search.png]]

2024-02-01 14:20:19 - [TEST_STEP][PASSED] - click(findTestObject("CMS/Page_Dashboard/sidebar-dashboard")): Object: 'Object Repository/CMS/Page_Dashboard/sidebar-dashboard' is clicked on

2024-02-01 14:20:20 - [MESSAGE][PASSED] - Object: 'Object Repository/CMS/Page_Dashboard/sidebar-dashboard' is clicked on

2024-02-01 14:20:20 - [TEST_STEP][PASSED] - click(findTestObject("Object Repository/CMS/Page_Dashboard/click-Event - Kanwil - KCU")): Object: 'Object Repository/CMS/Page_Dashboard/click-Event - Kanwil - KCU' is clicked on

2024-02-01 14:20:22 - [MESSAGE][PASSED] - Object: 'Object Repository/CMS/Page_Dashboard/click-Event - Kanwil - KCU' is clicked on

2024-02-01 14:20:22 - [TEST_STEP][PASSED] - setText(findTestObject("CMS/Page_Dashboard/search bar"), nama_event): Text 'Testing tudei6' is set on object 'Object Repository/CMS/Page_Dashboard/search bar'

2024-02-01 14:20:23 - [MESSAGE][PASSED] - Text 'Testing tudei6' is set on object 'Object Repository/CMS/Page_Dashboard/search bar'

2024-02-01 14:20:23 - [TEST_STEP][PASSED] - verifyElementPresent(findTestObject("Object Repository/CMS/event_kanwil/edit_button"), 0, OPTIONAL): com.kms.katalon.core.webui.exception.WebElementNotFoundException: Web element with id: 'Object Repository/CMS/event_kanwil/edit_button' located by '//a[@title = 'Edit Data']' not found (Root cause: com.kms.katalon.core.exception.StepFailedException: com.kms.katalon.core.webui.exception.WebElementNotFoundException: Web element with id: 'Object Repository/CMS/event_kanwil/edit_button' located by '//a[@title = 'Edit Data']' not found
	at com.kms.katalon.core.webui.keyword.internal.WebUIKeywordMain.stepFailed(WebUIKeywordMain.groovy:64)
	at com.kms.katalon.core.webui.keyword.builtin.VerifyElementPresentKeyword$_verifyElementPresent_closure1.doCall(VerifyElementPresentKeyword.groovy:85)
	at com.kms.katalon.core.webui.keyword.builtin.VerifyElementPresentKeyword$_verifyElementPresent_closure1.call(VerifyElementPresentKeyword.groovy)
	at com.kms.katalon.core.webui.keyword.internal.WebUIKeywordMain.runKeyword(WebUIKeywordMain.groovy:20)
	at com.kms.katalon.core.webui.keyword.builtin.VerifyElementPresentKeyword.verifyElementPresent(VerifyElementPresentKeyword.groovy:92)
	at com.kms.katalon.core.webui.keyword.builtin.VerifyElementPresentKeyword.execute(VerifyElementPresentKeyword.groovy:68)
	at com.kms.katalon.core.keyword.internal.KeywordExecutor.executeKeywordForPlatform(KeywordExecutor.groovy:74)
	at com.kms.katalon.core.webui.keyword.WebUiBuiltInKeywords.verifyElementPresent(WebUiBuiltInKeywords.groovy:1448)
	at com.kms.katalon.core.webui.keyword.WebUiBuiltInKeywords$verifyElementPresent$7.call(Unknown Source)
	at Cek Event.run(Cek Event:47)
	at com.kms.katalon.core.main.ScriptEngine.run(ScriptEngine.java:194)
	at com.kms.katalon.core.main.ScriptEngine.runScriptAsRawText(ScriptEngine.java:119)
	at com.kms.katalon.core.main.TestCaseExecutor.runScript(TestCaseExecutor.java:448)
	at com.kms.katalon.core.main.TestCaseExecutor.doExecute(TestCaseExecutor.java:439)
	at com.kms.katalon.core.main.TestCaseExecutor.processExecutionPhase(TestCaseExecutor.java:418)
	at com.kms.katalon.core.main.TestCaseExecutor.accessMainPhase(TestCaseExecutor.java:410)
	at com.kms.katalon.core.main.TestCaseExecutor.execute(TestCaseExecutor.java:285)
	at com.kms.katalon.core.common.CommonExecutor.accessTestCaseMainPhase(CommonExecutor.java:65)
	at com.kms.katalon.core.main.TestSuiteExecutor.accessTestSuiteMainPhase(TestSuiteExecutor.java:148)
	at com.kms.katalon.core.main.TestSuiteExecutor.execute(TestSuiteExecutor.java:106)
	at com.kms.katalon.core.main.TestCaseMain.startTestSuite(TestCaseMain.java:187)
	at com.kms.katalon.core.main.TestCaseMain$startTestSuite$0.call(Unknown Source)
	at TempTestSuite1706771719324.run(TempTestSuite1706771719324.groovy:36)
)

2024-02-01 14:20:24 - [MESSAGE][WARNING] - Timeout '0' is invalid. Using default page load timeout: '30'

2024-02-01 14:20:55 - [MESSAGE][INFO] - Unable to find the element located by 'By.xpath: //a[@title = 'Edit Data']'. Please recheck the objects properties to make sure the desired element is located. 

2024-02-01 14:20:55 - [MESSAGE][WARNING] - com.kms.katalon.core.webui.exception.WebElementNotFoundException: Web element with id: 'Object Repository/CMS/event_kanwil/edit_button' located by '//a[@title = 'Edit Data']' not found (Root cause: com.kms.katalon.core.exception.StepFailedException: com.kms.katalon.core.webui.exception.WebElementNotFoundException: Web element with id: 'Object Repository/CMS/event_kanwil/edit_button' located by '//a[@title = 'Edit Data']' not found
	at com.kms.katalon.core.webui.keyword.internal.WebUIKeywordMain.stepFailed(WebUIKeywordMain.groovy:64)
	at com.kms.katalon.core.webui.keyword.builtin.VerifyElementPresentKeyword$_verifyElementPresent_closure1.doCall(VerifyElementPresentKeyword.groovy:85)
	at com.kms.katalon.core.webui.keyword.builtin.VerifyElementPresentKeyword$_verifyElementPresent_closure1.call(VerifyElementPresentKeyword.groovy)
	at com.kms.katalon.core.webui.keyword.internal.WebUIKeywordMain.runKeyword(WebUIKeywordMain.groovy:20)
	at com.kms.katalon.core.webui.keyword.builtin.VerifyElementPresentKeyword.verifyElementPresent(VerifyElementPresentKeyword.groovy:92)
	at com.kms.katalon.core.webui.keyword.builtin.VerifyElementPresentKeyword.execute(VerifyElementPresentKeyword.groovy:68)
	at com.kms.katalon.core.keyword.internal.KeywordExecutor.executeKeywordForPlatform(KeywordExecutor.groovy:74)
	at com.kms.katalon.core.webui.keyword.WebUiBuiltInKeywords.verifyElementPresent(WebUiBuiltInKeywords.groovy:1448)
	at com.kms.katalon.core.webui.keyword.WebUiBuiltInKeywords$verifyElementPresent$7.call(Unknown Source)
	at Cek Event.run(Cek Event:47)
	at com.kms.katalon.core.main.ScriptEngine.run(ScriptEngine.java:194)
	at com.kms.katalon.core.main.ScriptEngine.runScriptAsRawText(ScriptEngine.java:119)
	at com.kms.katalon.core.main.TestCaseExecutor.runScript(TestCaseExecutor.java:448)
	at com.kms.katalon.core.main.TestCaseExecutor.doExecute(TestCaseExecutor.java:439)
	at com.kms.katalon.core.main.TestCaseExecutor.processExecutionPhase(TestCaseExecutor.java:418)
	at com.kms.katalon.core.main.TestCaseExecutor.accessMainPhase(TestCaseExecutor.java:410)
	at com.kms.katalon.core.main.TestCaseExecutor.execute(TestCaseExecutor.java:285)
	at com.kms.katalon.core.common.CommonExecutor.accessTestCaseMainPhase(CommonExecutor.java:65)
	at com.kms.katalon.core.main.TestSuiteExecutor.accessTestSuiteMainPhase(TestSuiteExecutor.java:148)
	at com.kms.katalon.core.main.TestSuiteExecutor.execute(TestSuiteExecutor.java:106)
	at com.kms.katalon.core.main.TestCaseMain.startTestSuite(TestCaseMain.java:187)
	at com.kms.katalon.core.main.TestCaseMain$startTestSuite$0.call(Unknown Source)
	at TempTestSuite1706771719324.run(TempTestSuite1706771719324.groovy:36)
)
[[ATTACHMENT|C:\\Users\\Daniel\\Documents\\BCAF\\Github\\KKBSK Prior 17\\kkbsk-priority-17\\Reports\\20240201_141519\\KKBSK P17\\20240201_141519\\1706772055167.png]]

2024-02-01 14:20:55 - [TEST_STEP][PASSED] - takeScreenshot(baseDir + sspathP17 + "\" + matriks + "\" + "Skenario 4.3 Event - Kanwil" + ".png", STOP_ON_FAILURE): Taking screenshot successfully

2024-02-01 14:20:55 - [MESSAGE][PASSED] - Taking screenshot successfully
[[ATTACHMENT|C:\Users\Daniel\Documents\BCAF\Github\KKBSK Prior 17\kkbsk-priority-17\Screenshots\1\Skenario 4.3 Event - Kanwil.png]]

2024-02-01 14:20:55 - [TEST_STEP][PASSED] - setText(findTestObject("CMS/Page_Dashboard/search bar"), nama_event): Text 'Testing tudei6' is set on object 'Object Repository/CMS/Page_Dashboard/search bar'

2024-02-01 14:20:56 - [MESSAGE][PASSED] - Text 'Testing tudei6' is set on object 'Object Repository/CMS/Page_Dashboard/search bar'

2024-02-01 14:20:56 - [TEST_STEP][PASSED] - takeScreenshot(baseDir + sspathP17 + "\" + matriks + "\" + "Skenario 4.4 Event - Kanwil - Search" + ".png", STOP_ON_FAILURE): Taking screenshot successfully

2024-02-01 14:20:56 - [MESSAGE][PASSED] - Taking screenshot successfully
[[ATTACHMENT|C:\Users\Daniel\Documents\BCAF\Github\KKBSK Prior 17\kkbsk-priority-17\Screenshots\1\Skenario 4.4 Event - Kanwil - Search.png]]]]></system-out>
         <system-err><![CDATA[]]></system-err>
      </testcase>
      <system-out><![CDATA[2024-02-01 14:15:22 - [TEST_SUITE][FAILED] - KKBSK P17: Test Cases/4. Master Event - Edit FAILED.
Reason:
com.kms.katalon.core.exception.StepFailedException: Unable to click on object 'Object Repository/CMS/Page_Master Event/click_Sampai Tanggal'
	at com.kms.katalon.core.webui.keyword.internal.WebUIKeywordMain.stepFailed(WebUIKeywordMain.groovy:64)
	at com.kms.katalon.core.webui.keyword.internal.WebUIKeywordMain.runKeyword(WebUIKeywordMain.groovy:26)
	at com.kms.katalon.core.webui.keyword.builtin.ClickKeyword.click(ClickKeyword.groovy:74)
	at com.kms.katalon.core.webui.keyword.builtin.ClickKeyword.execute(ClickKeyword.groovy:40)
	at com.kms.katalon.core.keyword.internal.KeywordExecutor.executeKeywordForPlatform(KeywordExecutor.groovy:74)
	at com.kms.katalon.core.webui.keyword.WebUiBuiltInKeywords.click(WebUiBuiltInKeywords.groovy:620)
	at com.kms.katalon.core.webui.keyword.WebUiBuiltInKeywords$click$3.call(Unknown Source)
	at 4. Master Event - Edit.run(4. Master Event - Edit:50)
	at com.kms.katalon.core.main.ScriptEngine.run(ScriptEngine.java:194)
	at com.kms.katalon.core.main.ScriptEngine.runScriptAsRawText(ScriptEngine.java:119)
	at com.kms.katalon.core.main.TestCaseExecutor.runScript(TestCaseExecutor.java:448)
	at com.kms.katalon.core.main.TestCaseExecutor.doExecute(TestCaseExecutor.java:439)
	at com.kms.katalon.core.main.TestCaseExecutor.processExecutionPhase(TestCaseExecutor.java:418)
	at com.kms.katalon.core.main.TestCaseExecutor.accessMainPhase(TestCaseExecutor.java:410)
	at com.kms.katalon.core.main.TestCaseExecutor.execute(TestCaseExecutor.java:285)
	at com.kms.katalon.core.common.CommonExecutor.accessTestCaseMainPhase(CommonExecutor.java:65)
	at com.kms.katalon.core.main.TestSuiteExecutor.accessTestSuiteMainPhase(TestSuiteExecutor.java:148)
	at com.kms.katalon.core.main.TestSuiteExecutor.execute(TestSuiteExecutor.java:106)
	at com.kms.katalon.core.main.TestCaseMain.startTestSuite(TestCaseMain.java:187)
	at com.kms.katalon.core.main.TestCaseMain$startTestSuite$0.call(Unknown Source)
	at TempTestSuite1706771719324.run(TempTestSuite1706771719324.groovy:36)
Caused by: com.kms.katalon.core.webui.exception.WebElementNotFoundException: Web element with id: 'Object Repository/CMS/Page_Master Event/click_Sampai Tanggal' located by '//form[@id='formCreate']/div[5]/div' not found
	at com.kms.katalon.core.webui.common.WebUiCommonHelper.findWebElement(WebUiCommonHelper.java:1381)
	at com.kms.katalon.core.webui.keyword.internal.WebUIAbstractKeyword.findWebElement(WebUIAbstractKeyword.groovy:27)
	at com.kms.katalon.core.webui.keyword.builtin.ClickKeyword$_click_closure1.doCall(ClickKeyword.groovy:65)
	at com.kms.katalon.core.webui.keyword.builtin.ClickKeyword$_click_closure1.call(ClickKeyword.groovy)
	at com.kms.katalon.core.webui.keyword.internal.WebUIKeywordMain.runKeyword(WebUIKeywordMain.groovy:20)
	... 19 more]]></system-out>
      <system-err><![CDATA[2024-02-01 14:15:22 - [TEST_SUITE][FAILED] - KKBSK P17: Test Cases/4. Master Event - Edit FAILED.
Reason:
com.kms.katalon.core.exception.StepFailedException: Unable to click on object 'Object Repository/CMS/Page_Master Event/click_Sampai Tanggal'
	at com.kms.katalon.core.webui.keyword.internal.WebUIKeywordMain.stepFailed(WebUIKeywordMain.groovy:64)
	at com.kms.katalon.core.webui.keyword.internal.WebUIKeywordMain.runKeyword(WebUIKeywordMain.groovy:26)
	at com.kms.katalon.core.webui.keyword.builtin.ClickKeyword.click(ClickKeyword.groovy:74)
	at com.kms.katalon.core.webui.keyword.builtin.ClickKeyword.execute(ClickKeyword.groovy:40)
	at com.kms.katalon.core.keyword.internal.KeywordExecutor.executeKeywordForPlatform(KeywordExecutor.groovy:74)
	at com.kms.katalon.core.webui.keyword.WebUiBuiltInKeywords.click(WebUiBuiltInKeywords.groovy:620)
	at com.kms.katalon.core.webui.keyword.WebUiBuiltInKeywords$click$3.call(Unknown Source)
	at 4. Master Event - Edit.run(4. Master Event - Edit:50)
	at com.kms.katalon.core.main.ScriptEngine.run(ScriptEngine.java:194)
	at com.kms.katalon.core.main.ScriptEngine.runScriptAsRawText(ScriptEngine.java:119)
	at com.kms.katalon.core.main.TestCaseExecutor.runScript(TestCaseExecutor.java:448)
	at com.kms.katalon.core.main.TestCaseExecutor.doExecute(TestCaseExecutor.java:439)
	at com.kms.katalon.core.main.TestCaseExecutor.processExecutionPhase(TestCaseExecutor.java:418)
	at com.kms.katalon.core.main.TestCaseExecutor.accessMainPhase(TestCaseExecutor.java:410)
	at com.kms.katalon.core.main.TestCaseExecutor.execute(TestCaseExecutor.java:285)
	at com.kms.katalon.core.common.CommonExecutor.accessTestCaseMainPhase(CommonExecutor.java:65)
	at com.kms.katalon.core.main.TestSuiteExecutor.accessTestSuiteMainPhase(TestSuiteExecutor.java:148)
	at com.kms.katalon.core.main.TestSuiteExecutor.execute(TestSuiteExecutor.java:106)
	at com.kms.katalon.core.main.TestCaseMain.startTestSuite(TestCaseMain.java:187)
	at com.kms.katalon.core.main.TestCaseMain$startTestSuite$0.call(Unknown Source)
	at TempTestSuite1706771719324.run(TempTestSuite1706771719324.groovy:36)
Caused by: com.kms.katalon.core.webui.exception.WebElementNotFoundException: Web element with id: 'Object Repository/CMS/Page_Master Event/click_Sampai Tanggal' located by '//form[@id='formCreate']/div[5]/div' not found
	at com.kms.katalon.core.webui.common.WebUiCommonHelper.findWebElement(WebUiCommonHelper.java:1381)
	at com.kms.katalon.core.webui.keyword.internal.WebUIAbstractKeyword.findWebElement(WebUIAbstractKeyword.groovy:27)
	at com.kms.katalon.core.webui.keyword.builtin.ClickKeyword$_click_closure1.doCall(ClickKeyword.groovy:65)
	at com.kms.katalon.core.webui.keyword.builtin.ClickKeyword$_click_closure1.call(ClickKeyword.groovy)
	at com.kms.katalon.core.webui.keyword.internal.WebUIKeywordMain.runKeyword(WebUIKeywordMain.groovy:20)
	... 19 more]]></system-err>
   </testsuite>
</testsuites>
